<?xml version="1.0" encoding="UTF-8"?>
<coverage generated="1688050941760" clover="3.2.0">
  <project timestamp="1688050941760" name="All files">
    <metrics statements="255" coveredstatements="183" conditionals="67" coveredconditionals="38" methods="92" coveredmethods="41" elements="414" coveredelements="262" complexity="0" loc="255" ncloc="255" packages="33" files="68" classes="68"/>
    <package name="fast-bit-coins">
      <metrics statements="3" coveredstatements="3" conditionals="0" coveredconditionals="0" methods="1" coveredmethods="1"/>
      <file name="App.tsx" path="/Users/princesengayire/Projects/fast-bit-coins/App.tsx">
        <metrics statements="1" coveredstatements="1" conditionals="0" coveredconditionals="0" methods="1" coveredmethods="1"/>
        <line num="14" count="1" type="stmt"/>
      </file>
      <file name="i18n.config.ts" path="/Users/princesengayire/Projects/fast-bit-coins/i18n.config.ts">
        <metrics statements="2" coveredstatements="2" conditionals="0" coveredconditionals="0" methods="0" coveredmethods="0"/>
        <line num="8" count="1" type="stmt"/>
        <line num="10" count="1" type="stmt"/>
      </file>
    </package>
    <package name="fast-bit-coins.assets">
      <metrics statements="7" coveredstatements="7" conditionals="0" coveredconditionals="0" methods="0" coveredmethods="0"/>
      <file name="arrow-right.svg" path="/Users/princesengayire/Projects/fast-bit-coins/assets/arrow-right.svg">
        <metrics statements="1" coveredstatements="1" conditionals="0" coveredconditionals="0" methods="0" coveredmethods="0"/>
        <line num="1" count="2" type="stmt"/>
      </file>
      <file name="back-arrow.svg" path="/Users/princesengayire/Projects/fast-bit-coins/assets/back-arrow.svg">
        <metrics statements="1" coveredstatements="1" conditionals="0" coveredconditionals="0" methods="0" coveredmethods="0"/>
        <line num="1" count="1" type="stmt"/>
      </file>
      <file name="dashboard-bg.png" path="/Users/princesengayire/Projects/fast-bit-coins/assets/dashboard-bg.png">
        <metrics statements="1" coveredstatements="1" conditionals="0" coveredconditionals="0" methods="0" coveredmethods="0"/>
        <line num="1" count="1" type="stmt"/>
      </file>
      <file name="fast-coins-log-xl.svg" path="/Users/princesengayire/Projects/fast-bit-coins/assets/fast-coins-log-xl.svg">
        <metrics statements="1" coveredstatements="1" conditionals="0" coveredconditionals="0" methods="0" coveredmethods="0"/>
        <line num="1" count="1" type="stmt"/>
      </file>
      <file name="fast-coins-log.svg" path="/Users/princesengayire/Projects/fast-bit-coins/assets/fast-coins-log.svg">
        <metrics statements="1" coveredstatements="1" conditionals="0" coveredconditionals="0" methods="0" coveredmethods="0"/>
        <line num="1" count="1" type="stmt"/>
      </file>
      <file name="logout.png" path="/Users/princesengayire/Projects/fast-bit-coins/assets/logout.png">
        <metrics statements="1" coveredstatements="1" conditionals="0" coveredconditionals="0" methods="0" coveredmethods="0"/>
        <line num="1" count="1" type="stmt"/>
      </file>
      <file name="success.svg" path="/Users/princesengayire/Projects/fast-bit-coins/assets/success.svg">
        <metrics statements="1" coveredstatements="1" conditionals="0" coveredconditionals="0" methods="0" coveredmethods="0"/>
        <line num="1" count="1" type="stmt"/>
      </file>
    </package>
    <package name="fast-bit-coins.src.apollo-client">
      <metrics statements="2" coveredstatements="2" conditionals="0" coveredconditionals="0" methods="0" coveredmethods="0"/>
      <file name="index.ts" path="/Users/princesengayire/Projects/fast-bit-coins/src/apollo-client/index.ts">
        <metrics statements="2" coveredstatements="2" conditionals="0" coveredconditionals="0" methods="0" coveredmethods="0"/>
        <line num="4" count="1" type="stmt"/>
        <line num="12" count="1" type="stmt"/>
      </file>
    </package>
    <package name="fast-bit-coins.src.common.button">
      <metrics statements="3" coveredstatements="3" conditionals="4" coveredconditionals="4" methods="1" coveredmethods="1"/>
      <file name="index.tsx" path="/Users/princesengayire/Projects/fast-bit-coins/src/common/button/index.tsx">
        <metrics statements="2" coveredstatements="2" conditionals="4" coveredconditionals="4" methods="1" coveredmethods="1"/>
        <line num="12" count="4" type="stmt"/>
        <line num="13" count="10" type="stmt"/>
      </file>
      <file name="styles.ts" path="/Users/princesengayire/Projects/fast-bit-coins/src/common/button/styles.ts">
        <metrics statements="1" coveredstatements="1" conditionals="0" coveredconditionals="0" methods="0" coveredmethods="0"/>
        <line num="6" count="4" type="stmt"/>
      </file>
    </package>
    <package name="fast-bit-coins.src.common.item">
      <metrics statements="6" coveredstatements="2" conditionals="2" coveredconditionals="0" methods="3" coveredmethods="0"/>
      <file name="index.tsx" path="/Users/princesengayire/Projects/fast-bit-coins/src/common/item/index.tsx">
        <metrics statements="5" coveredstatements="1" conditionals="2" coveredconditionals="0" methods="3" coveredmethods="0"/>
        <line num="16" count="2" type="stmt"/>
        <line num="17" count="0" type="stmt"/>
        <line num="18" count="0" type="stmt"/>
        <line num="20" count="0" type="stmt"/>
        <line num="21" count="0" type="stmt"/>
      </file>
      <file name="styles.ts" path="/Users/princesengayire/Projects/fast-bit-coins/src/common/item/styles.ts">
        <metrics statements="1" coveredstatements="1" conditionals="0" coveredconditionals="0" methods="0" coveredmethods="0"/>
        <line num="5" count="2" type="stmt"/>
      </file>
    </package>
    <package name="fast-bit-coins.src.common.model">
      <metrics statements="3" coveredstatements="3" conditionals="1" coveredconditionals="1" methods="1" coveredmethods="1"/>
      <file name="index.tsx" path="/Users/princesengayire/Projects/fast-bit-coins/src/common/model/index.tsx">
        <metrics statements="2" coveredstatements="2" conditionals="1" coveredconditionals="1" methods="1" coveredmethods="1"/>
        <line num="16" count="2" type="cond" truecount="1" falsecount="0"/>
        <line num="17" count="3" type="stmt"/>
      </file>
      <file name="styles.ts" path="/Users/princesengayire/Projects/fast-bit-coins/src/common/model/styles.ts">
        <metrics statements="1" coveredstatements="1" conditionals="0" coveredconditionals="0" methods="0" coveredmethods="0"/>
        <line num="5" count="2" type="stmt"/>
      </file>
    </package>
    <package name="fast-bit-coins.src.common.navigation-header">
      <metrics statements="4" coveredstatements="2" conditionals="4" coveredconditionals="0" methods="2" coveredmethods="0"/>
      <file name="index.tsx" path="/Users/princesengayire/Projects/fast-bit-coins/src/common/navigation-header/index.tsx">
        <metrics statements="3" coveredstatements="1" conditionals="4" coveredconditionals="0" methods="2" coveredmethods="0"/>
        <line num="19" count="1" type="stmt"/>
        <line num="26" count="0" type="stmt"/>
        <line num="29" count="0" type="stmt"/>
      </file>
      <file name="styles.ts" path="/Users/princesengayire/Projects/fast-bit-coins/src/common/navigation-header/styles.ts">
        <metrics statements="1" coveredstatements="1" conditionals="0" coveredconditionals="0" methods="0" coveredmethods="0"/>
        <line num="3" count="1" type="stmt"/>
      </file>
    </package>
    <package name="fast-bit-coins.src.common.search-input">
      <metrics statements="8" coveredstatements="2" conditionals="2" coveredconditionals="0" methods="3" coveredmethods="0"/>
      <file name="index.tsx" path="/Users/princesengayire/Projects/fast-bit-coins/src/common/search-input/index.tsx">
        <metrics statements="7" coveredstatements="1" conditionals="2" coveredconditionals="0" methods="3" coveredmethods="0"/>
        <line num="14" count="2" type="stmt"/>
        <line num="15" count="0" type="stmt"/>
        <line num="16" count="0" type="stmt"/>
        <line num="18" count="0" type="stmt"/>
        <line num="19" count="0" type="stmt"/>
        <line num="22" count="0" type="stmt"/>
        <line num="30" count="0" type="stmt"/>
      </file>
      <file name="styles.ts" path="/Users/princesengayire/Projects/fast-bit-coins/src/common/search-input/styles.ts">
        <metrics statements="1" coveredstatements="1" conditionals="0" coveredconditionals="0" methods="0" coveredmethods="0"/>
        <line num="5" count="2" type="stmt"/>
      </file>
    </package>
    <package name="fast-bit-coins.src.common.select-input">
      <metrics statements="5" coveredstatements="5" conditionals="2" coveredconditionals="2" methods="1" coveredmethods="1"/>
      <file name="index.tsx" path="/Users/princesengayire/Projects/fast-bit-coins/src/common/select-input/index.tsx">
        <metrics statements="4" coveredstatements="4" conditionals="2" coveredconditionals="2" methods="1" coveredmethods="1"/>
        <line num="17" count="2" type="stmt"/>
        <line num="18" count="3" type="stmt"/>
        <line num="19" count="3" type="stmt"/>
        <line num="21" count="3" type="stmt"/>
      </file>
      <file name="styles.ts" path="/Users/princesengayire/Projects/fast-bit-coins/src/common/select-input/styles.ts">
        <metrics statements="1" coveredstatements="1" conditionals="0" coveredconditionals="0" methods="0" coveredmethods="0"/>
        <line num="5" count="2" type="stmt"/>
      </file>
    </package>
    <package name="fast-bit-coins.src.common.text-input">
      <metrics statements="3" coveredstatements="3" conditionals="3" coveredconditionals="3" methods="1" coveredmethods="1"/>
      <file name="index.tsx" path="/Users/princesengayire/Projects/fast-bit-coins/src/common/text-input/index.tsx">
        <metrics statements="2" coveredstatements="2" conditionals="3" coveredconditionals="3" methods="1" coveredmethods="1"/>
        <line num="14" count="3" type="stmt"/>
        <line num="21" count="13" type="stmt"/>
      </file>
      <file name="styles.ts" path="/Users/princesengayire/Projects/fast-bit-coins/src/common/text-input/styles.ts">
        <metrics statements="1" coveredstatements="1" conditionals="0" coveredconditionals="0" methods="0" coveredmethods="0"/>
        <line num="5" count="3" type="stmt"/>
      </file>
    </package>
    <package name="fast-bit-coins.src.common.typography">
      <metrics statements="3" coveredstatements="3" conditionals="0" coveredconditionals="0" methods="1" coveredmethods="1"/>
      <file name="index.tsx" path="/Users/princesengayire/Projects/fast-bit-coins/src/common/typography/index.tsx">
        <metrics statements="2" coveredstatements="2" conditionals="0" coveredconditionals="0" methods="1" coveredmethods="1"/>
        <line num="10" count="4" type="stmt"/>
        <line num="11" count="9" type="stmt"/>
      </file>
      <file name="styles.ts" path="/Users/princesengayire/Projects/fast-bit-coins/src/common/typography/styles.ts">
        <metrics statements="1" coveredstatements="1" conditionals="0" coveredconditionals="0" methods="0" coveredmethods="0"/>
        <line num="3" count="4" type="stmt"/>
      </file>
    </package>
    <package name="fast-bit-coins.src.components.countries-list">
      <metrics statements="11" coveredstatements="1" conditionals="0" coveredconditionals="0" methods="6" coveredmethods="0"/>
      <file name="index.tsx" path="/Users/princesengayire/Projects/fast-bit-coins/src/components/countries-list/index.tsx">
        <metrics statements="11" coveredstatements="1" conditionals="0" coveredconditionals="0" methods="6" coveredmethods="0"/>
        <line num="14" count="2" type="stmt"/>
        <line num="19" count="0" type="stmt"/>
        <line num="20" count="0" type="stmt"/>
        <line num="22" count="0" type="stmt"/>
        <line num="24" count="0" type="stmt"/>
        <line num="25" count="0" type="stmt"/>
        <line num="26" count="0" type="stmt"/>
        <line num="29" count="0" type="stmt"/>
        <line num="34" count="0" type="stmt"/>
        <line num="40" count="0" type="stmt"/>
        <line num="41" count="0" type="stmt"/>
      </file>
    </package>
    <package name="fast-bit-coins.src.components.dashboard-component">
      <metrics statements="12" coveredstatements="8" conditionals="0" coveredconditionals="0" methods="4" coveredmethods="1"/>
      <file name="index.tsx" path="/Users/princesengayire/Projects/fast-bit-coins/src/components/dashboard-component/index.tsx">
        <metrics statements="11" coveredstatements="7" conditionals="0" coveredconditionals="0" methods="4" coveredmethods="1"/>
        <line num="17" count="2" type="stmt"/>
        <line num="18" count="1" type="stmt"/>
        <line num="19" count="1" type="stmt"/>
        <line num="20" count="1" type="stmt"/>
        <line num="22" count="1" type="stmt"/>
        <line num="23" count="0" type="stmt"/>
        <line num="24" count="0" type="stmt"/>
        <line num="25" count="0" type="stmt"/>
        <line num="29" count="1" type="stmt"/>
        <line num="30" count="0" type="stmt"/>
        <line num="32" count="1" type="stmt"/>
      </file>
      <file name="styles.ts" path="/Users/princesengayire/Projects/fast-bit-coins/src/components/dashboard-component/styles.ts">
        <metrics statements="1" coveredstatements="1" conditionals="0" coveredconditionals="0" methods="0" coveredmethods="0"/>
        <line num="5" count="2" type="stmt"/>
      </file>
    </package>
    <package name="fast-bit-coins.src.components.email-component">
      <metrics statements="3" coveredstatements="3" conditionals="0" coveredconditionals="0" methods="1" coveredmethods="1"/>
      <file name="index.tsx" path="/Users/princesengayire/Projects/fast-bit-coins/src/components/email-component/index.tsx">
        <metrics statements="3" coveredstatements="3" conditionals="0" coveredconditionals="0" methods="1" coveredmethods="1"/>
        <line num="11" count="2" type="stmt"/>
        <line num="12" count="1" type="stmt"/>
        <line num="13" count="1" type="stmt"/>
      </file>
    </package>
    <package name="fast-bit-coins.src.components.new-account-component">
      <metrics statements="24" coveredstatements="15" conditionals="21" coveredconditionals="12" methods="10" coveredmethods="4"/>
      <file name="index.tsx" path="/Users/princesengayire/Projects/fast-bit-coins/src/components/new-account-component/index.tsx">
        <metrics statements="24" coveredstatements="15" conditionals="21" coveredconditionals="12" methods="10" coveredmethods="4"/>
        <line num="17" count="2" type="stmt"/>
        <line num="18" count="2" type="stmt"/>
        <line num="19" count="2" type="stmt"/>
        <line num="20" count="2" type="stmt"/>
        <line num="21" count="2" type="cond" truecount="1" falsecount="1"/>
        <line num="22" count="2" type="stmt"/>
        <line num="23" count="2" type="stmt"/>
        <line num="24" count="2" type="stmt"/>
        <line num="25" count="2" type="cond" truecount="1" falsecount="1"/>
        <line num="26" count="0" type="stmt"/>
        <line num="28" count="2" type="stmt"/>
        <line num="31" count="2" type="stmt"/>
        <line num="32" count="1" type="cond" truecount="1" falsecount="1"/>
        <line num="33" count="0" type="stmt"/>
        <line num="37" count="2" type="stmt"/>
        <line num="38" count="1" type="cond" truecount="4" falsecount="0"/>
        <line num="41" count="2" type="stmt"/>
        <line num="48" count="0" type="stmt"/>
        <line num="49" count="0" type="stmt"/>
        <line num="57" count="0" type="stmt"/>
        <line num="65" count="0" type="stmt"/>
        <line num="67" count="0" type="cond" truecount="0" falsecount="2"/>
        <line num="68" count="0" type="stmt"/>
        <line num="75" count="0" type="stmt"/>
      </file>
    </package>
    <package name="fast-bit-coins.src.components.password-component">
      <metrics statements="3" coveredstatements="3" conditionals="0" coveredconditionals="0" methods="1" coveredmethods="1"/>
      <file name="index.tsx" path="/Users/princesengayire/Projects/fast-bit-coins/src/components/password-component/index.tsx">
        <metrics statements="3" coveredstatements="3" conditionals="0" coveredconditionals="0" methods="1" coveredmethods="1"/>
        <line num="14" count="2" type="stmt"/>
        <line num="20" count="6" type="stmt"/>
        <line num="21" count="6" type="stmt"/>
      </file>
    </package>
    <package name="fast-bit-coins.src.components.select-language">
      <metrics statements="17" coveredstatements="11" conditionals="0" coveredconditionals="0" methods="6" coveredmethods="2"/>
      <file name="index.tsx" path="/Users/princesengayire/Projects/fast-bit-coins/src/components/select-language/index.tsx">
        <metrics statements="16" coveredstatements="10" conditionals="0" coveredconditionals="0" methods="6" coveredmethods="2"/>
        <line num="19" count="1" type="stmt"/>
        <line num="30" count="1" type="stmt"/>
        <line num="31" count="1" type="stmt"/>
        <line num="32" count="1" type="stmt"/>
        <line num="33" count="1" type="stmt"/>
        <line num="34" count="1" type="stmt"/>
        <line num="36" count="1" type="stmt"/>
        <line num="37" count="1" type="stmt"/>
        <line num="39" count="1" type="stmt"/>
        <line num="47" count="0" type="stmt"/>
        <line num="50" count="0" type="stmt"/>
        <line num="56" count="0" type="stmt"/>
        <line num="59" count="2" type="stmt"/>
        <line num="63" count="0" type="stmt"/>
        <line num="64" count="0" type="stmt"/>
        <line num="65" count="0" type="stmt"/>
      </file>
      <file name="styles.ts" path="/Users/princesengayire/Projects/fast-bit-coins/src/components/select-language/styles.ts">
        <metrics statements="1" coveredstatements="1" conditionals="0" coveredconditionals="0" methods="0" coveredmethods="0"/>
        <line num="3" count="1" type="stmt"/>
      </file>
    </package>
    <package name="fast-bit-coins.src.components.success-component">
      <metrics statements="6" coveredstatements="6" conditionals="0" coveredconditionals="0" methods="1" coveredmethods="1"/>
      <file name="index.tsx" path="/Users/princesengayire/Projects/fast-bit-coins/src/components/success-component/index.tsx">
        <metrics statements="5" coveredstatements="5" conditionals="0" coveredconditionals="0" methods="1" coveredmethods="1"/>
        <line num="10" count="2" type="stmt"/>
        <line num="11" count="1" type="stmt"/>
        <line num="12" count="1" type="stmt"/>
        <line num="13" count="1" type="stmt"/>
        <line num="15" count="1" type="stmt"/>
      </file>
      <file name="styles.ts" path="/Users/princesengayire/Projects/fast-bit-coins/src/components/success-component/styles.ts">
        <metrics statements="1" coveredstatements="1" conditionals="0" coveredconditionals="0" methods="0" coveredmethods="0"/>
        <line num="5" count="2" type="stmt"/>
      </file>
    </package>
    <package name="fast-bit-coins.src.constants">
      <metrics statements="10" coveredstatements="10" conditionals="0" coveredconditionals="0" methods="0" coveredmethods="0"/>
      <file name="screens.ts" path="/Users/princesengayire/Projects/fast-bit-coins/src/constants/screens.ts">
        <metrics statements="10" coveredstatements="10" conditionals="0" coveredconditionals="0" methods="0" coveredmethods="0"/>
        <line num="1" count="6" type="stmt"/>
        <line num="3" count="6" type="stmt"/>
        <line num="4" count="6" type="stmt"/>
        <line num="6" count="6" type="stmt"/>
        <line num="7" count="6" type="stmt"/>
        <line num="9" count="6" type="stmt"/>
        <line num="10" count="6" type="stmt"/>
        <line num="12" count="6" type="stmt"/>
        <line num="13" count="6" type="stmt"/>
        <line num="15" count="6" type="stmt"/>
      </file>
    </package>
    <package name="fast-bit-coins.src.containers">
      <metrics statements="9" coveredstatements="6" conditionals="4" coveredconditionals="0" methods="2" coveredmethods="1"/>
      <file name="index.ts" path="/Users/princesengayire/Projects/fast-bit-coins/src/containers/index.ts">
        <metrics statements="0" coveredstatements="0" conditionals="0" coveredconditionals="0" methods="0" coveredmethods="0"/>
      </file>
      <file name="styles.ts" path="/Users/princesengayire/Projects/fast-bit-coins/src/containers/styles.ts">
        <metrics statements="1" coveredstatements="1" conditionals="0" coveredconditionals="0" methods="0" coveredmethods="0"/>
        <line num="3" count="4" type="stmt"/>
      </file>
      <file name="with-navigation.tsx" path="/Users/princesengayire/Projects/fast-bit-coins/src/containers/with-navigation.tsx">
        <metrics statements="8" coveredstatements="5" conditionals="4" coveredconditionals="0" methods="2" coveredmethods="1"/>
        <line num="17" count="4" type="stmt"/>
        <line num="23" count="9" type="stmt"/>
        <line num="24" count="9" type="stmt"/>
        <line num="25" count="9" type="stmt"/>
        <line num="26" count="0" type="stmt"/>
        <line num="27" count="0" type="cond" truecount="0" falsecount="2"/>
        <line num="28" count="0" type="cond" truecount="0" falsecount="2"/>
        <line num="31" count="9" type="stmt"/>
      </file>
    </package>
    <package name="fast-bit-coins.src.navigation">
      <metrics statements="20" coveredstatements="19" conditionals="4" coveredconditionals="2" methods="8" coveredmethods="7"/>
      <file name="index.tsx" path="/Users/princesengayire/Projects/fast-bit-coins/src/navigation/index.tsx">
        <metrics statements="3" coveredstatements="3" conditionals="0" coveredconditionals="0" methods="1" coveredmethods="1"/>
        <line num="7" count="1" type="stmt"/>
        <line num="15" count="1" type="stmt"/>
        <line num="16" count="1" type="stmt"/>
      </file>
      <file name="stack-navigation.tsx" path="/Users/princesengayire/Projects/fast-bit-coins/src/navigation/stack-navigation.tsx">
        <metrics statements="17" coveredstatements="16" conditionals="4" coveredconditionals="2" methods="7" coveredmethods="6"/>
        <line num="14" count="1" type="stmt"/>
        <line num="16" count="1" type="stmt"/>
        <line num="17" count="1" type="stmt"/>
        <line num="18" count="1" type="stmt"/>
        <line num="20" count="2" type="stmt"/>
        <line num="22" count="1" type="stmt"/>
        <line num="23" count="1" type="stmt"/>
        <line num="26" count="1" type="stmt"/>
        <line num="29" count="6" type="cond" truecount="1" falsecount="1"/>
        <line num="31" count="6" type="stmt"/>
        <line num="40" count="1" type="stmt"/>
        <line num="42" count="1" type="stmt"/>
        <line num="43" count="1" type="stmt"/>
        <line num="44" count="1" type="stmt"/>
        <line num="45" count="1" type="stmt"/>
        <line num="46" count="1" type="cond" truecount="1" falsecount="1"/>
        <line num="47" count="0" type="stmt"/>
      </file>
    </package>
    <package name="fast-bit-coins.src.queries">
      <metrics statements="1" coveredstatements="1" conditionals="0" coveredconditionals="0" methods="0" coveredmethods="0"/>
      <file name="index.ts" path="/Users/princesengayire/Projects/fast-bit-coins/src/queries/index.ts">
        <metrics statements="1" coveredstatements="1" conditionals="0" coveredconditionals="0" methods="0" coveredmethods="0"/>
        <line num="3" count="2" type="stmt"/>
      </file>
    </package>
    <package name="fast-bit-coins.src.redux">
      <metrics statements="18" coveredstatements="11" conditionals="0" coveredconditionals="0" methods="7" coveredmethods="0"/>
      <file name="auth-slice.ts" path="/Users/princesengayire/Projects/fast-bit-coins/src/redux/auth-slice.ts">
        <metrics statements="6" coveredstatements="5" conditionals="0" coveredconditionals="0" methods="3" coveredmethods="0"/>
        <line num="3" count="2" type="stmt"/>
        <line num="7" count="2" type="stmt"/>
        <line num="12" count="0" type="stmt"/>
        <line num="17" count="2" type="stmt"/>
        <line num="19" count="2" type="stmt"/>
        <line num="21" count="2" type="stmt"/>
      </file>
      <file name="store.ts" path="/Users/princesengayire/Projects/fast-bit-coins/src/redux/store.ts">
        <metrics statements="1" coveredstatements="1" conditionals="0" coveredconditionals="0" methods="0" coveredmethods="0"/>
        <line num="6" count="1" type="stmt"/>
      </file>
      <file name="user-slice.ts" path="/Users/princesengayire/Projects/fast-bit-coins/src/redux/user-slice.ts">
        <metrics statements="11" coveredstatements="5" conditionals="0" coveredconditionals="0" methods="4" coveredmethods="0"/>
        <line num="3" count="4" type="stmt"/>
        <line num="11" count="4" type="stmt"/>
        <line num="16" count="0" type="stmt"/>
        <line num="19" count="0" type="stmt"/>
        <line num="20" count="0" type="stmt"/>
        <line num="21" count="0" type="stmt"/>
        <line num="22" count="0" type="stmt"/>
        <line num="23" count="0" type="stmt"/>
        <line num="28" count="4" type="stmt"/>
        <line num="30" count="4" type="stmt"/>
        <line num="32" count="4" type="stmt"/>
      </file>
    </package>
    <package name="fast-bit-coins.src.routes">
      <metrics statements="0" coveredstatements="0" conditionals="0" coveredconditionals="0" methods="0" coveredmethods="0"/>
      <file name="dashboard-route.ts" path="/Users/princesengayire/Projects/fast-bit-coins/src/routes/dashboard-route.ts">
        <metrics statements="0" coveredstatements="0" conditionals="0" coveredconditionals="0" methods="0" coveredmethods="0"/>
      </file>
      <file name="email-route.ts" path="/Users/princesengayire/Projects/fast-bit-coins/src/routes/email-route.ts">
        <metrics statements="0" coveredstatements="0" conditionals="0" coveredconditionals="0" methods="0" coveredmethods="0"/>
      </file>
      <file name="index.ts" path="/Users/princesengayire/Projects/fast-bit-coins/src/routes/index.ts">
        <metrics statements="0" coveredstatements="0" conditionals="0" coveredconditionals="0" methods="0" coveredmethods="0"/>
      </file>
      <file name="new-account-route.ts" path="/Users/princesengayire/Projects/fast-bit-coins/src/routes/new-account-route.ts">
        <metrics statements="0" coveredstatements="0" conditionals="0" coveredconditionals="0" methods="0" coveredmethods="0"/>
      </file>
      <file name="password-route.ts" path="/Users/princesengayire/Projects/fast-bit-coins/src/routes/password-route.ts">
        <metrics statements="0" coveredstatements="0" conditionals="0" coveredconditionals="0" methods="0" coveredmethods="0"/>
      </file>
      <file name="select-language.ts" path="/Users/princesengayire/Projects/fast-bit-coins/src/routes/select-language.ts">
        <metrics statements="0" coveredstatements="0" conditionals="0" coveredconditionals="0" methods="0" coveredmethods="0"/>
      </file>
      <file name="verification-success-route.ts" path="/Users/princesengayire/Projects/fast-bit-coins/src/routes/verification-success-route.ts">
        <metrics statements="0" coveredstatements="0" conditionals="0" coveredconditionals="0" methods="0" coveredmethods="0"/>
      </file>
    </package>
    <package name="fast-bit-coins.src.screens.dashboard">
      <metrics statements="2" coveredstatements="2" conditionals="0" coveredconditionals="0" methods="1" coveredmethods="1"/>
      <file name="index.tsx" path="/Users/princesengayire/Projects/fast-bit-coins/src/screens/dashboard/index.tsx">
        <metrics statements="2" coveredstatements="2" conditionals="0" coveredconditionals="0" methods="1" coveredmethods="1"/>
        <line num="3" count="2" type="stmt"/>
        <line num="4" count="1" type="stmt"/>
      </file>
    </package>
    <package name="fast-bit-coins.src.screens.email-screen">
      <metrics statements="7" coveredstatements="5" conditionals="2" coveredconditionals="2" methods="3" coveredmethods="1"/>
      <file name="index.tsx" path="/Users/princesengayire/Projects/fast-bit-coins/src/screens/email-screen/index.tsx">
        <metrics statements="7" coveredstatements="5" conditionals="2" coveredconditionals="2" methods="3" coveredmethods="1"/>
        <line num="11" count="2" type="stmt"/>
        <line num="12" count="1" type="stmt"/>
        <line num="13" count="1" type="stmt"/>
        <line num="16" count="0" type="stmt"/>
        <line num="21" count="1" type="stmt"/>
        <line num="22" count="0" type="stmt"/>
        <line num="25" count="1" type="stmt"/>
      </file>
    </package>
    <package name="fast-bit-coins.src.screens.new-account-screen">
      <metrics statements="6" coveredstatements="5" conditionals="2" coveredconditionals="1" methods="2" coveredmethods="1"/>
      <file name="index.tsx" path="/Users/princesengayire/Projects/fast-bit-coins/src/screens/new-account-screen/index.tsx">
        <metrics statements="6" coveredstatements="5" conditionals="2" coveredconditionals="1" methods="2" coveredmethods="1"/>
        <line num="9" count="2" type="stmt"/>
        <line num="10" count="2" type="stmt"/>
        <line num="12" count="2" type="stmt"/>
        <line num="19" count="2" type="stmt"/>
        <line num="20" count="0" type="stmt"/>
        <line num="23" count="2" type="stmt"/>
      </file>
    </package>
    <package name="fast-bit-coins.src.screens.password-screen">
      <metrics statements="26" coveredstatements="13" conditionals="12" coveredconditionals="8" methods="11" coveredmethods="3"/>
      <file name="index.tsx" path="/Users/princesengayire/Projects/fast-bit-coins/src/screens/password-screen/index.tsx">
        <metrics statements="26" coveredstatements="13" conditionals="12" coveredconditionals="8" methods="11" coveredmethods="3"/>
        <line num="18" count="2" type="stmt"/>
        <line num="19" count="6" type="stmt"/>
        <line num="20" count="6" type="stmt"/>
        <line num="22" count="6" type="stmt"/>
        <line num="24" count="6" type="stmt"/>
        <line num="26" count="0" type="stmt"/>
        <line num="27" count="0" type="stmt"/>
        <line num="28" count="0" type="stmt"/>
        <line num="33" count="6" type="cond" truecount="1" falsecount="1"/>
        <line num="34" count="0" type="stmt"/>
        <line num="36" count="0" type="stmt"/>
        <line num="37" count="0" type="stmt"/>
        <line num="42" count="6" type="stmt"/>
        <line num="46" count="0" type="stmt"/>
        <line num="55" count="6" type="stmt"/>
        <line num="56" count="1" type="stmt"/>
        <line num="57" count="1" type="stmt"/>
        <line num="60" count="6" type="stmt"/>
        <line num="61" count="1" type="cond" truecount="1" falsecount="1"/>
        <line num="62" count="0" type="stmt"/>
        <line num="63" count="0" type="stmt"/>
        <line num="64" count="0" type="stmt"/>
        <line num="65" count="0" type="stmt"/>
        <line num="76" count="6" type="stmt"/>
        <line num="87" count="0" type="stmt"/>
        <line num="88" count="0" type="stmt"/>
      </file>
    </package>
    <package name="fast-bit-coins.src.screens.select-language">
      <metrics statements="3" coveredstatements="3" conditionals="0" coveredconditionals="0" methods="1" coveredmethods="1"/>
      <file name="index.tsx" path="/Users/princesengayire/Projects/fast-bit-coins/src/screens/select-language/index.tsx">
        <metrics statements="3" coveredstatements="3" conditionals="0" coveredconditionals="0" methods="1" coveredmethods="1"/>
        <line num="6" count="1" type="stmt"/>
        <line num="7" count="1" type="stmt"/>
        <line num="14" count="1" type="stmt"/>
      </file>
    </package>
    <package name="fast-bit-coins.src.screens.verification-success-screen">
      <metrics statements="6" coveredstatements="5" conditionals="0" coveredconditionals="0" methods="3" coveredmethods="2"/>
      <file name="index.tsx" path="/Users/princesengayire/Projects/fast-bit-coins/src/screens/verification-success-screen/index.tsx">
        <metrics statements="6" coveredstatements="5" conditionals="0" coveredconditionals="0" methods="3" coveredmethods="2"/>
        <line num="8" count="2" type="stmt"/>
        <line num="9" count="1" type="stmt"/>
        <line num="11" count="1" type="stmt"/>
        <line num="12" count="1" type="stmt"/>
        <line num="13" count="0" type="stmt"/>
        <line num="17" count="1" type="stmt"/>
      </file>
    </package>
    <package name="fast-bit-coins.src.services.locale">
      <metrics statements="0" coveredstatements="0" conditionals="0" coveredconditionals="0" methods="0" coveredmethods="0"/>
      <file name="index.ts" path="/Users/princesengayire/Projects/fast-bit-coins/src/services/locale/index.ts">
        <metrics statements="0" coveredstatements="0" conditionals="0" coveredconditionals="0" methods="0" coveredmethods="0"/>
      </file>
    </package>
    <package name="fast-bit-coins.src.styles">
      <metrics statements="10" coveredstatements="10" conditionals="0" coveredconditionals="0" methods="5" coveredmethods="5"/>
      <file name="background.ts" path="/Users/princesengayire/Projects/fast-bit-coins/src/styles/background.ts">
        <metrics statements="4" coveredstatements="4" conditionals="0" coveredconditionals="0" methods="2" coveredmethods="2"/>
        <line num="10" count="40" type="stmt"/>
        <line num="14" count="4" type="stmt"/>
        <line num="15" count="40" type="stmt"/>
        <line num="18" count="4" type="stmt"/>
      </file>
      <file name="index.ts" path="/Users/princesengayire/Projects/fast-bit-coins/src/styles/index.ts">
        <metrics statements="1" coveredstatements="1" conditionals="0" coveredconditionals="0" methods="0" coveredmethods="0"/>
        <line num="6" count="4" type="stmt"/>
      </file>
      <file name="text.ts" path="/Users/princesengayire/Projects/fast-bit-coins/src/styles/text.ts">
        <metrics statements="5" coveredstatements="5" conditionals="0" coveredconditionals="0" methods="3" coveredmethods="3"/>
        <line num="20" count="40" type="stmt"/>
        <line num="24" count="20" type="stmt"/>
        <line num="28" count="4" type="stmt"/>
        <line num="30" count="4" type="stmt"/>
        <line num="31" count="60" type="stmt"/>
      </file>
    </package>
    <package name="fast-bit-coins.src.utils">
      <metrics statements="14" coveredstatements="11" conditionals="4" coveredconditionals="3" methods="6" coveredmethods="3"/>
      <file name="capitalize.ts" path="/Users/princesengayire/Projects/fast-bit-coins/src/utils/capitalize.ts">
        <metrics statements="3" coveredstatements="2" conditionals="4" coveredconditionals="3" methods="1" coveredmethods="1"/>
        <line num="2" count="80" type="cond" truecount="3" falsecount="1"/>
        <line num="3" count="80" type="stmt"/>
        <line num="5" count="0" type="stmt"/>
      </file>
      <file name="colors.ts" path="/Users/princesengayire/Projects/fast-bit-coins/src/utils/colors.ts">
        <metrics statements="1" coveredstatements="1" conditionals="0" coveredconditionals="0" methods="0" coveredmethods="0"/>
        <line num="3" count="6" type="stmt"/>
      </file>
      <file name="dimensions.ts" path="/Users/princesengayire/Projects/fast-bit-coins/src/utils/dimensions.ts">
        <metrics statements="2" coveredstatements="2" conditionals="0" coveredconditionals="0" methods="0" coveredmethods="0"/>
        <line num="8" count="4" type="stmt"/>
        <line num="20" count="4" type="stmt"/>
      </file>
      <file name="encryption.ts" path="/Users/princesengayire/Projects/fast-bit-coins/src/utils/encryption.ts">
        <metrics statements="2" coveredstatements="1" conditionals="0" coveredconditionals="0" methods="2" coveredmethods="0"/>
        <line num="3" count="2" type="stmt"/>
        <line num="4" count="0" type="stmt"/>
      </file>
      <file name="validation.ts" path="/Users/princesengayire/Projects/fast-bit-coins/src/utils/validation.ts">
        <metrics statements="6" coveredstatements="5" conditionals="0" coveredconditionals="0" methods="3" coveredmethods="2"/>
        <line num="9" count="3" type="stmt"/>
        <line num="15" count="3" type="stmt"/>
        <line num="17" count="3" type="stmt"/>
        <line num="26" count="2" type="stmt"/>
        <line num="27" count="0" type="stmt"/>
        <line num="37" count="2" type="stmt"/>
      </file>
    </package>
  </project>
</coverage>
