{"/Users/princesengayire/Projects/fast-bit-coins/App.tsx": {"path":"/Users/princesengayire/Projects/fast-bit-coins/App.tsx","statementMap":{"0":{"start":{"line":4,"column":2},"end":{"line":4,"column":23}}},"fnMap":{"0":{"name":"App","decl":{"start":{"line":3,"column":24},"end":{"line":3,"column":27}},"loc":{"start":{"line":3,"column":30},"end":{"line":5,"column":1}},"line":3}},"branchMap":{},"s":{"0":1},"f":{"0":1},"b":{},"_coverageSchema":"1a1c01bbd47fc00a2c39e90264f33305004495a9","hash":"852a4520d357eb2c241c2ed1ca9a19378c018a5d"}
,"/Users/princesengayire/Projects/fast-bit-coins/src/navigation/index.tsx": {"path":"/Users/princesengayire/Projects/fast-bit-coins/src/navigation/index.tsx","statementMap":{"0":{"start":{"line":5,"column":19},"end":{"line":11,"column":1}},"1":{"start":{"line":6,"column":2},"end":{"line":10,"column":3}}},"fnMap":{"0":{"name":"(anonymous_0)","decl":{"start":{"line":5,"column":19},"end":{"line":5,"column":20}},"loc":{"start":{"line":5,"column":25},"end":{"line":11,"column":1}},"line":5}},"branchMap":{},"s":{"0":1,"1":1},"f":{"0":1},"b":{},"_coverageSchema":"1a1c01bbd47fc00a2c39e90264f33305004495a9","hash":"348c57bb08bbb117c303fc445b4f576dc21054b0"}
,"/Users/princesengayire/Projects/fast-bit-coins/src/navigation/stack-navigation.tsx": {"path":"/Users/princesengayire/Projects/fast-bit-coins/src/navigation/stack-navigation.tsx","statementMap":{"0":{"start":{"line":5,"column":14},"end":{"line":5,"column":42}},"1":{"start":{"line":7,"column":24},"end":{"line":13,"column":1}},"2":{"start":{"line":8,"column":2},"end":{"line":12,"column":3}}},"fnMap":{"0":{"name":"(anonymous_0)","decl":{"start":{"line":7,"column":24},"end":{"line":7,"column":25}},"loc":{"start":{"line":7,"column":30},"end":{"line":13,"column":1}},"line":7}},"branchMap":{},"s":{"0":1,"1":1,"2":1},"f":{"0":1},"b":{},"_coverageSchema":"1a1c01bbd47fc00a2c39e90264f33305004495a9","hash":"cf9301fe18425a012810a445648a9fd8cc8a443b"}
,"/Users/princesengayire/Projects/fast-bit-coins/src/screens/dashboard.tsx": {"path":"/Users/princesengayire/Projects/fast-bit-coins/src/screens/dashboard.tsx","statementMap":{"0":{"start":{"line":4,"column":18},"end":{"line":10,"column":1}},"1":{"start":{"line":5,"column":2},"end":{"line":9,"column":3}}},"fnMap":{"0":{"name":"(anonymous_0)","decl":{"start":{"line":4,"column":18},"end":{"line":4,"column":19}},"loc":{"start":{"line":4,"column":24},"end":{"line":10,"column":1}},"line":4}},"branchMap":{},"s":{"0":2,"1":2},"f":{"0":2},"b":{},"_coverageSchema":"1a1c01bbd47fc00a2c39e90264f33305004495a9","hash":"44e7fffaa2694c41aee30b1ddf163e9a23a04ba2"}
,"/Users/princesengayire/Projects/fast-bit-coins/src/styles/index.ts": {"path":"/Users/princesengayire/Projects/fast-bit-coins/src/styles/index.ts","statementMap":{"0":{"start":{"line":5,"column":21},"end":{"line":7,"column":2}}},"fnMap":{},"branchMap":{},"s":{"0":2},"f":{},"b":{},"_coverageSchema":"1a1c01bbd47fc00a2c39e90264f33305004495a9","hash":"b701d622d422a97334df51a85d8150a9456fe2fb"}
,"/Users/princesengayire/Projects/fast-bit-coins/src/styles/text.ts": {"path":"/Users/princesengayire/Projects/fast-bit-coins/src/styles/text.ts","statementMap":{"0":{"start":{"line":20,"column":19},"end":{"line":22,"column":3}},"1":{"start":{"line":20,"column":61},"end":{"line":22,"column":1}},"2":{"start":{"line":24,"column":18},"end":{"line":26,"column":3}},"3":{"start":{"line":24,"column":64},"end":{"line":26,"column":1}},"4":{"start":{"line":28,"column":13},"end":{"line":28,"column":28}},"5":{"start":{"line":30,"column":1},"end":{"line":32,"column":2}},"6":{"start":{"line":31,"column":2},"end":{"line":31,"column":34}}},"fnMap":{"0":{"name":"(anonymous_0)","decl":{"start":{"line":20,"column":43},"end":{"line":20,"column":44}},"loc":{"start":{"line":20,"column":61},"end":{"line":22,"column":1}},"line":20},"1":{"name":"(anonymous_1)","decl":{"start":{"line":24,"column":46},"end":{"line":24,"column":47}},"loc":{"start":{"line":24,"column":64},"end":{"line":26,"column":1}},"line":24},"2":{"name":"(anonymous_2)","decl":{"start":{"line":30,"column":39},"end":{"line":30,"column":40}},"loc":{"start":{"line":30,"column":50},"end":{"line":32,"column":1}},"line":30}},"branchMap":{},"s":{"0":2,"1":20,"2":2,"3":10,"4":2,"5":2,"6":30},"f":{"0":20,"1":10,"2":30},"b":{},"_coverageSchema":"1a1c01bbd47fc00a2c39e90264f33305004495a9","hash":"7fcab398a90bd0310fdf52b94fa986d2385815e6"}
,"/Users/princesengayire/Projects/fast-bit-coins/src/utils/capitalize.ts": {"path":"/Users/princesengayire/Projects/fast-bit-coins/src/utils/capitalize.ts","statementMap":{"0":{"start":{"line":2,"column":2},"end":{"line":4,"column":3}},"1":{"start":{"line":3,"column":4},"end":{"line":3,"column":52}},"2":{"start":{"line":5,"column":2},"end":{"line":5,"column":12}}},"fnMap":{"0":{"name":"(anonymous_0)","decl":{"start":{"line":1,"column":15},"end":{"line":1,"column":16}},"loc":{"start":{"line":1,"column":32},"end":{"line":6,"column":1}},"line":1}},"branchMap":{"0":{"loc":{"start":{"line":2,"column":2},"end":{"line":4,"column":3}},"type":"if","locations":[{"start":{"line":2,"column":2},"end":{"line":4,"column":3}},{"start":{},"end":{}}],"line":2},"1":{"loc":{"start":{"line":2,"column":6},"end":{"line":2,"column":44}},"type":"binary-expr","locations":[{"start":{"line":2,"column":6},"end":{"line":2,"column":29}},{"start":{"line":2,"column":33},"end":{"line":2,"column":44}}],"line":2}},"s":{"0":20,"1":20,"2":0},"f":{"0":20},"b":{"0":[20,0],"1":[20,20]},"_coverageSchema":"1a1c01bbd47fc00a2c39e90264f33305004495a9","hash":"4e026a2a50a062342bca3629f5c2c04dfe140660"}
,"/Users/princesengayire/Projects/fast-bit-coins/src/utils/colors.ts": {"path":"/Users/princesengayire/Projects/fast-bit-coins/src/utils/colors.ts","statementMap":{"0":{"start":{"line":3,"column":34},"end":{"line":14,"column":1}}},"fnMap":{},"branchMap":{},"s":{"0":2},"f":{},"b":{},"_coverageSchema":"1a1c01bbd47fc00a2c39e90264f33305004495a9","hash":"db746f9b8f531a00cc959f8ca31c078dd8b015da"}
,"/Users/princesengayire/Projects/fast-bit-coins/src/utils/dimensions.ts": {"path":"/Users/princesengayire/Projects/fast-bit-coins/src/utils/dimensions.ts","statementMap":{"0":{"start":{"line":8,"column":26},"end":{"line":14,"column":1}},"1":{"start":{"line":20,"column":22},"end":{"line":23,"column":1}}},"fnMap":{},"branchMap":{},"s":{"0":2,"1":2},"f":{},"b":{},"_coverageSchema":"1a1c01bbd47fc00a2c39e90264f33305004495a9","hash":"139e6df158b843465fe128fa52ebd72163ec4f28"}
}
