{"/Users/princesengayire/Projects/fast-bit-coins/App.tsx": {"path":"/Users/princesengayire/Projects/fast-bit-coins/App.tsx","statementMap":{"0":{"start":{"line":14,"column":2},"end":{"line":24,"column":3}}},"fnMap":{"0":{"name":"App","decl":{"start":{"line":13,"column":24},"end":{"line":13,"column":27}},"loc":{"start":{"line":13,"column":30},"end":{"line":25,"column":1}},"line":13}},"branchMap":{},"s":{"0":1},"f":{"0":1},"b":{},"_coverageSchema":"1a1c01bbd47fc00a2c39e90264f33305004495a9","hash":"04cdf9dc9700cf391239c9b83d2adc1be5310967"}
,"/Users/princesengayire/Projects/fast-bit-coins/i18n.config.ts": {"path":"/Users/princesengayire/Projects/fast-bit-coins/i18n.config.ts","statementMap":{"0":{"start":{"line":8,"column":18},"end":{"line":8,"column":70}},"1":{"start":{"line":10,"column":0},"end":{"line":16,"column":2}}},"fnMap":{},"branchMap":{},"s":{"0":1,"1":1},"f":{},"b":{},"_coverageSchema":"1a1c01bbd47fc00a2c39e90264f33305004495a9","hash":"2afff0d990fc2e74d796d669513b56b2fce18992"}
,"/Users/princesengayire/Projects/fast-bit-coins/assets/arrow-right.svg": {"path":"/Users/princesengayire/Projects/fast-bit-coins/assets/arrow-right.svg","statementMap":{"0":{"start":{"line":1,"column":0},"end":{"line":1,"column":19}}},"fnMap":{},"branchMap":{},"s":{"0":2},"f":{},"b":{},"_coverageSchema":"1a1c01bbd47fc00a2c39e90264f33305004495a9","hash":"4705494f83870304e308019013aaac981a0b97ad"}
,"/Users/princesengayire/Projects/fast-bit-coins/assets/back-arrow.svg": {"path":"/Users/princesengayire/Projects/fast-bit-coins/assets/back-arrow.svg","statementMap":{"0":{"start":{"line":1,"column":0},"end":{"line":1,"column":19}}},"fnMap":{},"branchMap":{},"s":{"0":1},"f":{},"b":{},"_coverageSchema":"1a1c01bbd47fc00a2c39e90264f33305004495a9","hash":"4f16bad2fb6a5cfc6ca062f0136618e72b081f85"}
,"/Users/princesengayire/Projects/fast-bit-coins/assets/dashboard-bg.png": {"path":"/Users/princesengayire/Projects/fast-bit-coins/assets/dashboard-bg.png","statementMap":{"0":{"start":{"line":1,"column":0},"end":{"line":1,"column":19}}},"fnMap":{},"branchMap":{},"s":{"0":1},"f":{},"b":{},"_coverageSchema":"1a1c01bbd47fc00a2c39e90264f33305004495a9","hash":"6ab41655b99e16d44125d7a8ca630d4cb2b6aa20"}
,"/Users/princesengayire/Projects/fast-bit-coins/assets/fast-coins-log-xl.svg": {"path":"/Users/princesengayire/Projects/fast-bit-coins/assets/fast-coins-log-xl.svg","statementMap":{"0":{"start":{"line":1,"column":0},"end":{"line":1,"column":19}}},"fnMap":{},"branchMap":{},"s":{"0":1},"f":{},"b":{},"_coverageSchema":"1a1c01bbd47fc00a2c39e90264f33305004495a9","hash":"99267e43173a5127e406b663566fc79c8152b19c"}
,"/Users/princesengayire/Projects/fast-bit-coins/assets/fast-coins-log.svg": {"path":"/Users/princesengayire/Projects/fast-bit-coins/assets/fast-coins-log.svg","statementMap":{"0":{"start":{"line":1,"column":0},"end":{"line":1,"column":19}}},"fnMap":{},"branchMap":{},"s":{"0":1},"f":{},"b":{},"_coverageSchema":"1a1c01bbd47fc00a2c39e90264f33305004495a9","hash":"d5bbf7a87e433788d31552dc8acb3a54858d3dba"}
,"/Users/princesengayire/Projects/fast-bit-coins/assets/logout.png": {"path":"/Users/princesengayire/Projects/fast-bit-coins/assets/logout.png","statementMap":{"0":{"start":{"line":1,"column":0},"end":{"line":1,"column":19}}},"fnMap":{},"branchMap":{},"s":{"0":1},"f":{},"b":{},"_coverageSchema":"1a1c01bbd47fc00a2c39e90264f33305004495a9","hash":"55a42ca279241e221217f635c7d531cf48af7d68"}
,"/Users/princesengayire/Projects/fast-bit-coins/assets/success.svg": {"path":"/Users/princesengayire/Projects/fast-bit-coins/assets/success.svg","statementMap":{"0":{"start":{"line":1,"column":0},"end":{"line":1,"column":19}}},"fnMap":{},"branchMap":{},"s":{"0":1},"f":{},"b":{},"_coverageSchema":"1a1c01bbd47fc00a2c39e90264f33305004495a9","hash":"16c528b1cd9c44789076f6d84935209560128048"}
,"/Users/princesengayire/Projects/fast-bit-coins/src/apollo-client/index.ts": {"path":"/Users/princesengayire/Projects/fast-bit-coins/src/apollo-client/index.ts","statementMap":{"0":{"start":{"line":4,"column":13},"end":{"line":10,"column":2}},"1":{"start":{"line":12,"column":28},"end":{"line":15,"column":2}}},"fnMap":{},"branchMap":{},"s":{"0":1,"1":1},"f":{},"b":{},"_coverageSchema":"1a1c01bbd47fc00a2c39e90264f33305004495a9","hash":"f31689dc091a4ed6d21b03affb9b9cc659a6c989"}
,"/Users/princesengayire/Projects/fast-bit-coins/src/common/button/index.tsx": {"path":"/Users/princesengayire/Projects/fast-bit-coins/src/common/button/index.tsx","statementMap":{"0":{"start":{"line":12,"column":21},"end":{"line":26,"column":1}},"1":{"start":{"line":13,"column":2},"end":{"line":25,"column":3}}},"fnMap":{"0":{"name":"(anonymous_0)","decl":{"start":{"line":12,"column":21},"end":{"line":12,"column":22}},"loc":{"start":{"line":12,"column":68},"end":{"line":26,"column":1}},"line":12}},"branchMap":{"0":{"loc":{"start":{"line":16,"column":15},"end":{"line":16,"column":82}},"type":"cond-expr","locations":[{"start":{"line":16,"column":26},"end":{"line":16,"column":66}},{"start":{"line":16,"column":69},"end":{"line":16,"column":82}}],"line":16},"1":{"loc":{"start":{"line":20,"column":21},"end":{"line":20,"column":86}},"type":"cond-expr","locations":[{"start":{"line":20,"column":32},"end":{"line":20,"column":71}},{"start":{"line":20,"column":74},"end":{"line":20,"column":86}}],"line":20}},"s":{"0":4,"1":10},"f":{"0":10},"b":{"0":[9,1],"1":[9,1]},"_coverageSchema":"1a1c01bbd47fc00a2c39e90264f33305004495a9","hash":"98af62f52e02c00a9500e747fdb1d0ddca7f5c06"}
,"/Users/princesengayire/Projects/fast-bit-coins/src/common/button/styles.ts": {"path":"/Users/princesengayire/Projects/fast-bit-coins/src/common/button/styles.ts","statementMap":{"0":{"start":{"line":6,"column":22},"end":{"line":27,"column":2}}},"fnMap":{},"branchMap":{},"s":{"0":4},"f":{},"b":{},"_coverageSchema":"1a1c01bbd47fc00a2c39e90264f33305004495a9","hash":"a6b9be510a871e3394b4d522f3e7b9014b41ff9b"}
,"/Users/princesengayire/Projects/fast-bit-coins/src/common/item/index.tsx": {"path":"/Users/princesengayire/Projects/fast-bit-coins/src/common/item/index.tsx","statementMap":{"0":{"start":{"line":16,"column":13},"end":{"line":37,"column":1}},"1":{"start":{"line":17,"column":28},"end":{"line":19,"column":3}},"2":{"start":{"line":18,"column":4},"end":{"line":18,"column":30}},"3":{"start":{"line":20,"column":2},"end":{"line":36,"column":3}},"4":{"start":{"line":21,"column":55},"end":{"line":21,"column":78}}},"fnMap":{"0":{"name":"(anonymous_0)","decl":{"start":{"line":16,"column":13},"end":{"line":16,"column":14}},"loc":{"start":{"line":16,"column":51},"end":{"line":37,"column":1}},"line":16},"1":{"name":"(anonymous_1)","decl":{"start":{"line":17,"column":28},"end":{"line":17,"column":29}},"loc":{"start":{"line":17,"column":64},"end":{"line":19,"column":3}},"line":17},"2":{"name":"(anonymous_2)","decl":{"start":{"line":21,"column":49},"end":{"line":21,"column":50}},"loc":{"start":{"line":21,"column":55},"end":{"line":21,"column":78}},"line":21}},"branchMap":{"0":{"loc":{"start":{"line":22,"column":7},"end":{"line":31,"column":7}},"type":"binary-expr","locations":[{"start":{"line":22,"column":7},"end":{"line":22,"column":18}},{"start":{"line":23,"column":8},"end":{"line":30,"column":15}}],"line":22}},"s":{"0":2,"1":0,"2":0,"3":0,"4":0},"f":{"0":0,"1":0,"2":0},"b":{"0":[0,0]},"_coverageSchema":"1a1c01bbd47fc00a2c39e90264f33305004495a9","hash":"0ea2c40e9747b728477a94c1e09b7644e57a2078"}
,"/Users/princesengayire/Projects/fast-bit-coins/src/common/item/styles.ts": {"path":"/Users/princesengayire/Projects/fast-bit-coins/src/common/item/styles.ts","statementMap":{"0":{"start":{"line":5,"column":22},"end":{"line":20,"column":2}}},"fnMap":{},"branchMap":{},"s":{"0":2},"f":{},"b":{},"_coverageSchema":"1a1c01bbd47fc00a2c39e90264f33305004495a9","hash":"23cabaa1f22b2f1215d396696863755bbaf96ac1"}
,"/Users/princesengayire/Projects/fast-bit-coins/src/common/model/index.tsx": {"path":"/Users/princesengayire/Projects/fast-bit-coins/src/common/model/index.tsx","statementMap":{"0":{"start":{"line":16,"column":14},"end":{"line":34,"column":1}},"1":{"start":{"line":17,"column":2},"end":{"line":33,"column":3}}},"fnMap":{"0":{"name":"(anonymous_0)","decl":{"start":{"line":16,"column":14},"end":{"line":16,"column":15}},"loc":{"start":{"line":16,"column":93},"end":{"line":34,"column":1}},"line":16}},"branchMap":{"0":{"loc":{"start":{"line":16,"column":62},"end":{"line":16,"column":74}},"type":"default-arg","locations":[{"start":{"line":16,"column":71},"end":{"line":16,"column":74}}],"line":16}},"s":{"0":2,"1":3},"f":{"0":3},"b":{"0":[2]},"_coverageSchema":"1a1c01bbd47fc00a2c39e90264f33305004495a9","hash":"a6565aef95352306c384e70435d2a5ec7a6e97de"}
,"/Users/princesengayire/Projects/fast-bit-coins/src/common/model/styles.ts": {"path":"/Users/princesengayire/Projects/fast-bit-coins/src/common/model/styles.ts","statementMap":{"0":{"start":{"line":5,"column":22},"end":{"line":25,"column":2}}},"fnMap":{},"branchMap":{},"s":{"0":2},"f":{},"b":{},"_coverageSchema":"1a1c01bbd47fc00a2c39e90264f33305004495a9","hash":"269470615b2096e695cde89db3a5e05d0d7b81a4"}
,"/Users/princesengayire/Projects/fast-bit-coins/src/common/navigation-header/index.tsx": {"path":"/Users/princesengayire/Projects/fast-bit-coins/src/common/navigation-header/index.tsx","statementMap":{"0":{"start":{"line":19,"column":25},"end":{"line":39,"column":1}},"1":{"start":{"line":26,"column":2},"end":{"line":38,"column":3}},"2":{"start":{"line":29,"column":34},"end":{"line":29,"column":53}}},"fnMap":{"0":{"name":"(anonymous_0)","decl":{"start":{"line":19,"column":25},"end":{"line":19,"column":26}},"loc":{"start":{"line":25,"column":29},"end":{"line":39,"column":1}},"line":25},"1":{"name":"(anonymous_1)","decl":{"start":{"line":29,"column":28},"end":{"line":29,"column":29}},"loc":{"start":{"line":29,"column":34},"end":{"line":29,"column":53}},"line":29}},"branchMap":{"0":{"loc":{"start":{"line":30,"column":23},"end":{"line":30,"column":38}},"type":"binary-expr","locations":[{"start":{"line":30,"column":23},"end":{"line":30,"column":32}},{"start":{"line":30,"column":36},"end":{"line":30,"column":38}}],"line":30},"1":{"loc":{"start":{"line":35,"column":21},"end":{"line":35,"column":40}},"type":"binary-expr","locations":[{"start":{"line":35,"column":21},"end":{"line":35,"column":34}},{"start":{"line":35,"column":38},"end":{"line":35,"column":40}}],"line":35}},"s":{"0":1,"1":0,"2":0},"f":{"0":0,"1":0},"b":{"0":[0,0],"1":[0,0]},"_coverageSchema":"1a1c01bbd47fc00a2c39e90264f33305004495a9","hash":"5a0169d7e488a03cba94e8c35e0091a8aa2921dc"}
,"/Users/princesengayire/Projects/fast-bit-coins/src/common/navigation-header/styles.ts": {"path":"/Users/princesengayire/Projects/fast-bit-coins/src/common/navigation-header/styles.ts","statementMap":{"0":{"start":{"line":3,"column":22},"end":{"line":10,"column":2}}},"fnMap":{},"branchMap":{},"s":{"0":1},"f":{},"b":{},"_coverageSchema":"1a1c01bbd47fc00a2c39e90264f33305004495a9","hash":"e1e4ba1e0a51ab3ba864dca4d3a7ad899829952c"}
,"/Users/princesengayire/Projects/fast-bit-coins/src/common/search-input/index.tsx": {"path":"/Users/princesengayire/Projects/fast-bit-coins/src/common/search-input/index.tsx","statementMap":{"0":{"start":{"line":14,"column":20},"end":{"line":33,"column":1}},"1":{"start":{"line":15,"column":15},"end":{"line":15,"column":43}},"2":{"start":{"line":16,"column":14},"end":{"line":16,"column":38}},"3":{"start":{"line":18,"column":27},"end":{"line":20,"column":3}},"4":{"start":{"line":19,"column":4},"end":{"line":19,"column":24}},"5":{"start":{"line":22,"column":2},"end":{"line":32,"column":3}},"6":{"start":{"line":30,"column":30},"end":{"line":30,"column":52}}},"fnMap":{"0":{"name":"(anonymous_0)","decl":{"start":{"line":14,"column":20},"end":{"line":14,"column":21}},"loc":{"start":{"line":14,"column":73},"end":{"line":33,"column":1}},"line":14},"1":{"name":"(anonymous_1)","decl":{"start":{"line":18,"column":27},"end":{"line":18,"column":28}},"loc":{"start":{"line":18,"column":37},"end":{"line":20,"column":3}},"line":18},"2":{"name":"(anonymous_2)","decl":{"start":{"line":30,"column":20},"end":{"line":30,"column":21}},"loc":{"start":{"line":30,"column":30},"end":{"line":30,"column":52}},"line":30}},"branchMap":{"0":{"loc":{"start":{"line":28,"column":29},"end":{"line":28,"column":43}},"type":"binary-expr","locations":[{"start":{"line":28,"column":29},"end":{"line":28,"column":37}},{"start":{"line":28,"column":41},"end":{"line":28,"column":43}}],"line":28}},"s":{"0":2,"1":0,"2":0,"3":0,"4":0,"5":0,"6":0},"f":{"0":0,"1":0,"2":0},"b":{"0":[0,0]},"_coverageSchema":"1a1c01bbd47fc00a2c39e90264f33305004495a9","hash":"efad56302943e2fbae9de2a41866f82ff32b40df"}
,"/Users/princesengayire/Projects/fast-bit-coins/src/common/search-input/styles.ts": {"path":"/Users/princesengayire/Projects/fast-bit-coins/src/common/search-input/styles.ts","statementMap":{"0":{"start":{"line":5,"column":22},"end":{"line":18,"column":2}}},"fnMap":{},"branchMap":{},"s":{"0":2},"f":{},"b":{},"_coverageSchema":"1a1c01bbd47fc00a2c39e90264f33305004495a9","hash":"af56f12014f1ba0c38172af0c73d89be71c221c1"}
,"/Users/princesengayire/Projects/fast-bit-coins/src/common/select-input/index.tsx": {"path":"/Users/princesengayire/Projects/fast-bit-coins/src/common/select-input/index.tsx","statementMap":{"0":{"start":{"line":17,"column":20},"end":{"line":37,"column":1}},"1":{"start":{"line":18,"column":15},"end":{"line":18,"column":48}},"2":{"start":{"line":19,"column":14},"end":{"line":19,"column":38}},"3":{"start":{"line":21,"column":2},"end":{"line":36,"column":3}}},"fnMap":{"0":{"name":"(anonymous_0)","decl":{"start":{"line":17,"column":20},"end":{"line":17,"column":21}},"loc":{"start":{"line":17,"column":82},"end":{"line":37,"column":1}},"line":17}},"branchMap":{"0":{"loc":{"start":{"line":30,"column":32},"end":{"line":30,"column":46}},"type":"binary-expr","locations":[{"start":{"line":30,"column":32},"end":{"line":30,"column":40}},{"start":{"line":30,"column":44},"end":{"line":30,"column":46}}],"line":30}},"s":{"0":2,"1":3,"2":3,"3":3},"f":{"0":3},"b":{"0":[3,3]},"_coverageSchema":"1a1c01bbd47fc00a2c39e90264f33305004495a9","hash":"cfda85a15a29aa9e61b477a839e875ad15831959"}
,"/Users/princesengayire/Projects/fast-bit-coins/src/common/select-input/styles.ts": {"path":"/Users/princesengayire/Projects/fast-bit-coins/src/common/select-input/styles.ts","statementMap":{"0":{"start":{"line":5,"column":22},"end":{"line":26,"column":2}}},"fnMap":{},"branchMap":{},"s":{"0":2},"f":{},"b":{},"_coverageSchema":"1a1c01bbd47fc00a2c39e90264f33305004495a9","hash":"0333163d428344560baab7f5b27fada9679bcaff"}
,"/Users/princesengayire/Projects/fast-bit-coins/src/common/text-input/index.tsx": {"path":"/Users/princesengayire/Projects/fast-bit-coins/src/common/text-input/index.tsx","statementMap":{"0":{"start":{"line":14,"column":18},"end":{"line":33,"column":1}},"1":{"start":{"line":21,"column":2},"end":{"line":32,"column":3}}},"fnMap":{"0":{"name":"(anonymous_0)","decl":{"start":{"line":14,"column":18},"end":{"line":14,"column":19}},"loc":{"start":{"line":20,"column":22},"end":{"line":33,"column":1}},"line":20}},"branchMap":{"0":{"loc":{"start":{"line":17,"column":2},"end":{"line":17,"column":15}},"type":"default-arg","locations":[{"start":{"line":17,"column":9},"end":{"line":17,"column":15}}],"line":17},"1":{"loc":{"start":{"line":28,"column":23},"end":{"line":28,"column":50}},"type":"binary-expr","locations":[{"start":{"line":28,"column":23},"end":{"line":28,"column":42}},{"start":{"line":28,"column":46},"end":{"line":28,"column":50}}],"line":28}},"s":{"0":3,"1":13},"f":{"0":13},"b":{"0":[1],"1":[13,12]},"_coverageSchema":"1a1c01bbd47fc00a2c39e90264f33305004495a9","hash":"b4358ea5ba1bf235b390961c2aef0f9942dce831"}
,"/Users/princesengayire/Projects/fast-bit-coins/src/common/text-input/styles.ts": {"path":"/Users/princesengayire/Projects/fast-bit-coins/src/common/text-input/styles.ts","statementMap":{"0":{"start":{"line":5,"column":22},"end":{"line":15,"column":2}}},"fnMap":{},"branchMap":{},"s":{"0":3},"f":{},"b":{},"_coverageSchema":"1a1c01bbd47fc00a2c39e90264f33305004495a9","hash":"5879008f2414055388f48a1322477814937266e6"}
,"/Users/princesengayire/Projects/fast-bit-coins/src/common/typography/index.tsx": {"path":"/Users/princesengayire/Projects/fast-bit-coins/src/common/typography/index.tsx","statementMap":{"0":{"start":{"line":10,"column":19},"end":{"line":16,"column":1}},"1":{"start":{"line":11,"column":2},"end":{"line":15,"column":3}}},"fnMap":{"0":{"name":"(anonymous_0)","decl":{"start":{"line":10,"column":19},"end":{"line":10,"column":20}},"loc":{"start":{"line":10,"column":50},"end":{"line":16,"column":1}},"line":10}},"branchMap":{},"s":{"0":4,"1":9},"f":{"0":9},"b":{},"_coverageSchema":"1a1c01bbd47fc00a2c39e90264f33305004495a9","hash":"dd2400ff5f14bb32b16621541cc4afbc6dccc242"}
,"/Users/princesengayire/Projects/fast-bit-coins/src/common/typography/styles.ts": {"path":"/Users/princesengayire/Projects/fast-bit-coins/src/common/typography/styles.ts","statementMap":{"0":{"start":{"line":3,"column":22},"end":{"line":12,"column":2}}},"fnMap":{},"branchMap":{},"s":{"0":4},"f":{},"b":{},"_coverageSchema":"1a1c01bbd47fc00a2c39e90264f33305004495a9","hash":"6a9798e02e628754ec1e2a9ff9465b6a44e6df59"}
,"/Users/princesengayire/Projects/fast-bit-coins/src/components/countries-list/index.tsx": {"path":"/Users/princesengayire/Projects/fast-bit-coins/src/components/countries-list/index.tsx","statementMap":{"0":{"start":{"line":14,"column":29},"end":{"line":47,"column":1}},"1":{"start":{"line":19,"column":16},"end":{"line":19,"column":32}},"2":{"start":{"line":20,"column":40},"end":{"line":20,"column":52}},"3":{"start":{"line":22,"column":28},"end":{"line":22,"column":89}},"4":{"start":{"line":22,"column":53},"end":{"line":22,"column":88}},"5":{"start":{"line":24,"column":29},"end":{"line":27,"column":3}},"6":{"start":{"line":25,"column":4},"end":{"line":25,"column":30}},"7":{"start":{"line":26,"column":4},"end":{"line":26,"column":23}},"8":{"start":{"line":29,"column":2},"end":{"line":46,"column":3}},"9":{"start":{"line":34,"column":34},"end":{"line":34,"column":54}},"10":{"start":{"line":40,"column":36},"end":{"line":40,"column":89}},"11":{"start":{"line":41,"column":34},"end":{"line":41,"column":43}}},"fnMap":{"0":{"name":"(anonymous_0)","decl":{"start":{"line":14,"column":29},"end":{"line":14,"column":30}},"loc":{"start":{"line":18,"column":26},"end":{"line":47,"column":1}},"line":18},"1":{"name":"(anonymous_1)","decl":{"start":{"line":22,"column":40},"end":{"line":22,"column":41}},"loc":{"start":{"line":22,"column":53},"end":{"line":22,"column":88}},"line":22},"2":{"name":"(anonymous_2)","decl":{"start":{"line":24,"column":29},"end":{"line":24,"column":30}},"loc":{"start":{"line":24,"column":39},"end":{"line":27,"column":3}},"line":24},"3":{"name":"(anonymous_3)","decl":{"start":{"line":34,"column":24},"end":{"line":34,"column":25}},"loc":{"start":{"line":34,"column":34},"end":{"line":34,"column":54}},"line":34},"4":{"name":"(anonymous_4)","decl":{"start":{"line":40,"column":22},"end":{"line":40,"column":23}},"loc":{"start":{"line":40,"column":36},"end":{"line":40,"column":89}},"line":40},"5":{"name":"(anonymous_5)","decl":{"start":{"line":41,"column":24},"end":{"line":41,"column":25}},"loc":{"start":{"line":41,"column":34},"end":{"line":41,"column":43}},"line":41}},"branchMap":{},"s":{"0":2,"1":0,"2":0,"3":0,"4":0,"5":0,"6":0,"7":0,"8":0,"9":0,"10":0,"11":0},"f":{"0":0,"1":0,"2":0,"3":0,"4":0,"5":0},"b":{},"_coverageSchema":"1a1c01bbd47fc00a2c39e90264f33305004495a9","hash":"be7f8ce746d173666f2479d224a5eafaa3ed197a"}
,"/Users/princesengayire/Projects/fast-bit-coins/src/components/dashboard-component/index.tsx": {"path":"/Users/princesengayire/Projects/fast-bit-coins/src/components/dashboard-component/index.tsx","statementMap":{"0":{"start":{"line":17,"column":27},"end":{"line":50,"column":1}},"1":{"start":{"line":18,"column":16},"end":{"line":18,"column":32}},"2":{"start":{"line":19,"column":19},"end":{"line":19,"column":32}},"3":{"start":{"line":20,"column":23},"end":{"line":20,"column":55}},"4":{"start":{"line":22,"column":23},"end":{"line":27,"column":3}},"5":{"start":{"line":23,"column":4},"end":{"line":26,"column":6}},"6":{"start":{"line":24,"column":6},"end":{"line":24,"column":32}},"7":{"start":{"line":25,"column":6},"end":{"line":25,"column":43}},"8":{"start":{"line":29,"column":25},"end":{"line":31,"column":3}},"9":{"start":{"line":30,"column":4},"end":{"line":30,"column":59}},"10":{"start":{"line":32,"column":2},"end":{"line":49,"column":3}}},"fnMap":{"0":{"name":"(anonymous_0)","decl":{"start":{"line":17,"column":27},"end":{"line":17,"column":28}},"loc":{"start":{"line":17,"column":33},"end":{"line":50,"column":1}},"line":17},"1":{"name":"(anonymous_1)","decl":{"start":{"line":22,"column":23},"end":{"line":22,"column":24}},"loc":{"start":{"line":22,"column":29},"end":{"line":27,"column":3}},"line":22},"2":{"name":"(anonymous_2)","decl":{"start":{"line":23,"column":47},"end":{"line":23,"column":48}},"loc":{"start":{"line":23,"column":53},"end":{"line":26,"column":5}},"line":23},"3":{"name":"(anonymous_3)","decl":{"start":{"line":29,"column":25},"end":{"line":29,"column":26}},"loc":{"start":{"line":29,"column":31},"end":{"line":31,"column":3}},"line":29}},"branchMap":{},"s":{"0":2,"1":1,"2":1,"3":1,"4":1,"5":0,"6":0,"7":0,"8":1,"9":0,"10":1},"f":{"0":1,"1":0,"2":0,"3":0},"b":{},"_coverageSchema":"1a1c01bbd47fc00a2c39e90264f33305004495a9","hash":"639d9ff6dfac7afc91ee2b8266677c2354b3afb9"}
,"/Users/princesengayire/Projects/fast-bit-coins/src/components/dashboard-component/styles.ts": {"path":"/Users/princesengayire/Projects/fast-bit-coins/src/components/dashboard-component/styles.ts","statementMap":{"0":{"start":{"line":5,"column":22},"end":{"line":24,"column":2}}},"fnMap":{},"branchMap":{},"s":{"0":2},"f":{},"b":{},"_coverageSchema":"1a1c01bbd47fc00a2c39e90264f33305004495a9","hash":"1ad776e4dbb4c212338af6250192f116428949d1"}
,"/Users/princesengayire/Projects/fast-bit-coins/src/components/email-component/index.tsx": {"path":"/Users/princesengayire/Projects/fast-bit-coins/src/components/email-component/index.tsx","statementMap":{"0":{"start":{"line":11,"column":23},"end":{"line":23,"column":1}},"1":{"start":{"line":12,"column":16},"end":{"line":12,"column":32}},"2":{"start":{"line":13,"column":2},"end":{"line":22,"column":3}}},"fnMap":{"0":{"name":"(anonymous_0)","decl":{"start":{"line":11,"column":23},"end":{"line":11,"column":24}},"loc":{"start":{"line":11,"column":76},"end":{"line":23,"column":1}},"line":11}},"branchMap":{},"s":{"0":2,"1":1,"2":1},"f":{"0":1},"b":{},"_coverageSchema":"1a1c01bbd47fc00a2c39e90264f33305004495a9","hash":"ba7db50e537318d12d2f2c08df9a9645cf88d3c2"}
,"/Users/princesengayire/Projects/fast-bit-coins/src/components/new-account-component/index.tsx": {"path":"/Users/princesengayire/Projects/fast-bit-coins/src/components/new-account-component/index.tsx","statementMap":{"0":{"start":{"line":17,"column":19},"end":{"line":80,"column":1}},"1":{"start":{"line":18,"column":16},"end":{"line":18,"column":32}},"2":{"start":{"line":19,"column":38},"end":{"line":19,"column":53}},"3":{"start":{"line":20,"column":36},"end":{"line":20,"column":51}},"4":{"start":{"line":21,"column":15},"end":{"line":21,"column":55}},"5":{"start":{"line":22,"column":48},"end":{"line":22,"column":77}},"6":{"start":{"line":23,"column":44},"end":{"line":23,"column":73}},"7":{"start":{"line":24,"column":21},"end":{"line":29,"column":3}},"8":{"start":{"line":25,"column":4},"end":{"line":27,"column":5}},"9":{"start":{"line":26,"column":6},"end":{"line":26,"column":44}},"10":{"start":{"line":28,"column":4},"end":{"line":28,"column":46}},"11":{"start":{"line":31,"column":2},"end":{"line":35,"column":23}},"12":{"start":{"line":32,"column":4},"end":{"line":34,"column":5}},"13":{"start":{"line":33,"column":6},"end":{"line":33,"column":25}},"14":{"start":{"line":37,"column":2},"end":{"line":39,"column":54}},"15":{"start":{"line":38,"column":4},"end":{"line":38,"column":98}},"16":{"start":{"line":41,"column":2},"end":{"line":79,"column":3}},"17":{"start":{"line":48,"column":10},"end":{"line":48,"column":28}},"18":{"start":{"line":49,"column":10},"end":{"line":49,"column":30}},"19":{"start":{"line":57,"column":25},"end":{"line":57,"column":43}},"20":{"start":{"line":65,"column":10},"end":{"line":65,"column":49}},"21":{"start":{"line":65,"column":38},"end":{"line":65,"column":48}},"22":{"start":{"line":67,"column":10},"end":{"line":69,"column":11}},"23":{"start":{"line":68,"column":12},"end":{"line":68,"column":31}},"24":{"start":{"line":75,"column":33},"end":{"line":75,"column":72}},"25":{"start":{"line":75,"column":61},"end":{"line":75,"column":71}}},"fnMap":{"0":{"name":"(anonymous_0)","decl":{"start":{"line":17,"column":19},"end":{"line":17,"column":20}},"loc":{"start":{"line":17,"column":59},"end":{"line":80,"column":1}},"line":17},"1":{"name":"(anonymous_1)","decl":{"start":{"line":24,"column":21},"end":{"line":24,"column":22}},"loc":{"start":{"line":24,"column":27},"end":{"line":29,"column":3}},"line":24},"2":{"name":"(anonymous_2)","decl":{"start":{"line":31,"column":12},"end":{"line":31,"column":13}},"loc":{"start":{"line":31,"column":18},"end":{"line":35,"column":3}},"line":31},"3":{"name":"(anonymous_3)","decl":{"start":{"line":37,"column":12},"end":{"line":37,"column":13}},"loc":{"start":{"line":37,"column":18},"end":{"line":39,"column":3}},"line":37},"4":{"name":"(anonymous_4)","decl":{"start":{"line":47,"column":17},"end":{"line":47,"column":18}},"loc":{"start":{"line":47,"column":23},"end":{"line":50,"column":9}},"line":47},"5":{"name":"(anonymous_5)","decl":{"start":{"line":57,"column":19},"end":{"line":57,"column":20}},"loc":{"start":{"line":57,"column":25},"end":{"line":57,"column":43}},"line":57},"6":{"name":"(anonymous_6)","decl":{"start":{"line":64,"column":25},"end":{"line":64,"column":26}},"loc":{"start":{"line":64,"column":31},"end":{"line":70,"column":9}},"line":64},"7":{"name":"(anonymous_7)","decl":{"start":{"line":65,"column":23},"end":{"line":65,"column":24}},"loc":{"start":{"line":65,"column":38},"end":{"line":65,"column":48}},"line":65},"8":{"name":"(anonymous_8)","decl":{"start":{"line":75,"column":27},"end":{"line":75,"column":28}},"loc":{"start":{"line":75,"column":33},"end":{"line":75,"column":72}},"line":75},"9":{"name":"(anonymous_9)","decl":{"start":{"line":75,"column":46},"end":{"line":75,"column":47}},"loc":{"start":{"line":75,"column":61},"end":{"line":75,"column":71}},"line":75}},"branchMap":{"0":{"loc":{"start":{"line":21,"column":15},"end":{"line":21,"column":55}},"type":"cond-expr","locations":[{"start":{"line":21,"column":29},"end":{"line":21,"column":42}},{"start":{"line":21,"column":45},"end":{"line":21,"column":55}}],"line":21},"1":{"loc":{"start":{"line":25,"column":4},"end":{"line":27,"column":5}},"type":"if","locations":[{"start":{"line":25,"column":4},"end":{"line":27,"column":5}},{"start":{},"end":{}}],"line":25},"2":{"loc":{"start":{"line":32,"column":4},"end":{"line":34,"column":5}},"type":"if","locations":[{"start":{"line":32,"column":4},"end":{"line":34,"column":5}},{"start":{},"end":{}}],"line":32},"3":{"loc":{"start":{"line":38,"column":34},"end":{"line":38,"column":61}},"type":"binary-expr","locations":[{"start":{"line":38,"column":34},"end":{"line":38,"column":55}},{"start":{"line":38,"column":59},"end":{"line":38,"column":61}}],"line":38},"4":{"loc":{"start":{"line":38,"column":70},"end":{"line":38,"column":95}},"type":"binary-expr","locations":[{"start":{"line":38,"column":70},"end":{"line":38,"column":89}},{"start":{"line":38,"column":93},"end":{"line":38,"column":95}}],"line":38},"5":{"loc":{"start":{"line":51,"column":15},"end":{"line":51,"column":42}},"type":"binary-expr","locations":[{"start":{"line":51,"column":15},"end":{"line":51,"column":36}},{"start":{"line":51,"column":40},"end":{"line":51,"column":42}}],"line":51},"6":{"loc":{"start":{"line":53,"column":7},"end":{"line":60,"column":7}},"type":"binary-expr","locations":[{"start":{"line":53,"column":8},"end":{"line":53,"column":18}},{"start":{"line":53,"column":22},"end":{"line":53,"column":63}},{"start":{"line":54,"column":8},"end":{"line":59,"column":10}}],"line":53},"7":{"loc":{"start":{"line":58,"column":17},"end":{"line":58,"column":42}},"type":"binary-expr","locations":[{"start":{"line":58,"column":17},"end":{"line":58,"column":36}},{"start":{"line":58,"column":40},"end":{"line":58,"column":42}}],"line":58},"8":{"loc":{"start":{"line":67,"column":10},"end":{"line":69,"column":11}},"type":"if","locations":[{"start":{"line":67,"column":10},"end":{"line":69,"column":11}},{"start":{},"end":{}}],"line":67},"9":{"loc":{"start":{"line":74,"column":30},"end":{"line":74,"column":80}},"type":"cond-expr","locations":[{"start":{"line":74,"column":43},"end":{"line":74,"column":59}},{"start":{"line":74,"column":62},"end":{"line":74,"column":80}}],"line":74}},"s":{"0":2,"1":2,"2":2,"3":2,"4":2,"5":2,"6":2,"7":2,"8":2,"9":0,"10":2,"11":2,"12":1,"13":0,"14":2,"15":1,"16":2,"17":0,"18":0,"19":0,"20":0,"21":0,"22":0,"23":0,"24":0,"25":0},"f":{"0":2,"1":2,"2":1,"3":1,"4":0,"5":0,"6":0,"7":0,"8":0,"9":0},"b":{"0":[2,0],"1":[0,2],"2":[0,1],"3":[1,1],"4":[1,1],"5":[2,2],"6":[2,2,0],"7":[0,0],"8":[0,0],"9":[0,2]},"_coverageSchema":"1a1c01bbd47fc00a2c39e90264f33305004495a9","hash":"003e4d35533dc0ae3befb101ab0656de5b984b66"}
,"/Users/princesengayire/Projects/fast-bit-coins/src/components/password-component/index.tsx": {"path":"/Users/princesengayire/Projects/fast-bit-coins/src/components/password-component/index.tsx","statementMap":{"0":{"start":{"line":14,"column":17},"end":{"line":40,"column":1}},"1":{"start":{"line":20,"column":16},"end":{"line":20,"column":32}},"2":{"start":{"line":21,"column":2},"end":{"line":39,"column":3}}},"fnMap":{"0":{"name":"(anonymous_0)","decl":{"start":{"line":14,"column":17},"end":{"line":14,"column":18}},"loc":{"start":{"line":19,"column":21},"end":{"line":40,"column":1}},"line":19}},"branchMap":{},"s":{"0":2,"1":6,"2":6},"f":{"0":6},"b":{},"_coverageSchema":"1a1c01bbd47fc00a2c39e90264f33305004495a9","hash":"62758cce38db88d676c208d0ae9ea34f706bad79"}
,"/Users/princesengayire/Projects/fast-bit-coins/src/components/select-language/index.tsx": {"path":"/Users/princesengayire/Projects/fast-bit-coins/src/components/select-language/index.tsx","statementMap":{"0":{"start":{"line":19,"column":22},"end":{"line":28,"column":1}},"1":{"start":{"line":30,"column":23},"end":{"line":72,"column":1}},"2":{"start":{"line":31,"column":15},"end":{"line":31,"column":54}},"3":{"start":{"line":32,"column":14},"end":{"line":32,"column":38}},"4":{"start":{"line":33,"column":36},"end":{"line":33,"column":60}},"5":{"start":{"line":34,"column":48},"end":{"line":34,"column":75}},"6":{"start":{"line":36,"column":23},"end":{"line":36,"column":55}},"7":{"start":{"line":37,"column":16},"end":{"line":37,"column":32}},"8":{"start":{"line":39,"column":2},"end":{"line":71,"column":3}},"9":{"start":{"line":47,"column":64},"end":{"line":47,"column":82}},"10":{"start":{"line":50,"column":23},"end":{"line":50,"column":52}},"11":{"start":{"line":56,"column":31},"end":{"line":56,"column":50}},"12":{"start":{"line":59,"column":10},"end":{"line":67,"column":12}},"13":{"start":{"line":63,"column":14},"end":{"line":63,"column":47}},"14":{"start":{"line":64,"column":14},"end":{"line":64,"column":33}},"15":{"start":{"line":65,"column":14},"end":{"line":65,"column":50}}},"fnMap":{"0":{"name":"(anonymous_0)","decl":{"start":{"line":30,"column":23},"end":{"line":30,"column":24}},"loc":{"start":{"line":30,"column":29},"end":{"line":72,"column":1}},"line":30},"1":{"name":"(anonymous_1)","decl":{"start":{"line":47,"column":58},"end":{"line":47,"column":59}},"loc":{"start":{"line":47,"column":64},"end":{"line":47,"column":82}},"line":47},"2":{"name":"(anonymous_2)","decl":{"start":{"line":50,"column":17},"end":{"line":50,"column":18}},"loc":{"start":{"line":50,"column":23},"end":{"line":50,"column":52}},"line":50},"3":{"name":"(anonymous_3)","decl":{"start":{"line":56,"column":25},"end":{"line":56,"column":26}},"loc":{"start":{"line":56,"column":31},"end":{"line":56,"column":50}},"line":56},"4":{"name":"(anonymous_4)","decl":{"start":{"line":58,"column":27},"end":{"line":58,"column":28}},"loc":{"start":{"line":59,"column":10},"end":{"line":67,"column":12}},"line":59},"5":{"name":"(anonymous_5)","decl":{"start":{"line":62,"column":25},"end":{"line":62,"column":26}},"loc":{"start":{"line":62,"column":31},"end":{"line":66,"column":13}},"line":62}},"branchMap":{},"s":{"0":1,"1":1,"2":1,"3":1,"4":1,"5":1,"6":1,"7":1,"8":1,"9":0,"10":0,"11":0,"12":2,"13":0,"14":0,"15":0},"f":{"0":1,"1":0,"2":0,"3":0,"4":2,"5":0},"b":{},"_coverageSchema":"1a1c01bbd47fc00a2c39e90264f33305004495a9","hash":"2db810c8b96e81b2e0ced30b7e61f4fa3d19ec5e"}
,"/Users/princesengayire/Projects/fast-bit-coins/src/components/select-language/styles.ts": {"path":"/Users/princesengayire/Projects/fast-bit-coins/src/components/select-language/styles.ts","statementMap":{"0":{"start":{"line":3,"column":22},"end":{"line":16,"column":2}}},"fnMap":{},"branchMap":{},"s":{"0":1},"f":{},"b":{},"_coverageSchema":"1a1c01bbd47fc00a2c39e90264f33305004495a9","hash":"02afafecd8c89b2f7eb386866a617b84bb24f815"}
,"/Users/princesengayire/Projects/fast-bit-coins/src/components/success-component/index.tsx": {"path":"/Users/princesengayire/Projects/fast-bit-coins/src/components/success-component/index.tsx","statementMap":{"0":{"start":{"line":10,"column":16},"end":{"line":24,"column":1}},"1":{"start":{"line":11,"column":16},"end":{"line":11,"column":32}},"2":{"start":{"line":12,"column":15},"end":{"line":12,"column":44}},"3":{"start":{"line":13,"column":14},"end":{"line":13,"column":38}},"4":{"start":{"line":15,"column":2},"end":{"line":23,"column":3}}},"fnMap":{"0":{"name":"(anonymous_0)","decl":{"start":{"line":10,"column":16},"end":{"line":10,"column":17}},"loc":{"start":{"line":10,"column":22},"end":{"line":24,"column":1}},"line":10}},"branchMap":{},"s":{"0":2,"1":1,"2":1,"3":1,"4":1},"f":{"0":1},"b":{},"_coverageSchema":"1a1c01bbd47fc00a2c39e90264f33305004495a9","hash":"ab5481b1336da30f23337c7bb1ecaf560416c926"}
,"/Users/princesengayire/Projects/fast-bit-coins/src/components/success-component/styles.ts": {"path":"/Users/princesengayire/Projects/fast-bit-coins/src/components/success-component/styles.ts","statementMap":{"0":{"start":{"line":5,"column":22},"end":{"line":18,"column":2}}},"fnMap":{},"branchMap":{},"s":{"0":2},"f":{},"b":{},"_coverageSchema":"1a1c01bbd47fc00a2c39e90264f33305004495a9","hash":"49c5308240d7cc94371cd6d17e87153c8aab5265"}
,"/Users/princesengayire/Projects/fast-bit-coins/src/constants/screens.ts": {"path":"/Users/princesengayire/Projects/fast-bit-coins/src/constants/screens.ts","statementMap":{"0":{"start":{"line":1,"column":43},"end":{"line":1,"column":60}},"1":{"start":{"line":3,"column":33},"end":{"line":3,"column":47}},"2":{"start":{"line":4,"column":34},"end":{"line":4,"column":48}},"3":{"start":{"line":6,"column":39},"end":{"line":6,"column":59}},"4":{"start":{"line":7,"column":40},"end":{"line":7,"column":56}},"5":{"start":{"line":9,"column":36},"end":{"line":9,"column":53}},"6":{"start":{"line":10,"column":37},"end":{"line":10,"column":54}},"7":{"start":{"line":12,"column":37},"end":{"line":12,"column":55}},"8":{"start":{"line":13,"column":38},"end":{"line":13,"column":49}},"9":{"start":{"line":15,"column":48},"end":{"line":15,"column":77}}},"fnMap":{},"branchMap":{},"s":{"0":6,"1":6,"2":6,"3":6,"4":6,"5":6,"6":6,"7":6,"8":6,"9":6},"f":{},"b":{},"_coverageSchema":"1a1c01bbd47fc00a2c39e90264f33305004495a9","hash":"d1b14b4fecd0bd4f9d87d57e1e0951540071a5e9"}
,"/Users/princesengayire/Projects/fast-bit-coins/src/containers/index.ts": {"path":"/Users/princesengayire/Projects/fast-bit-coins/src/containers/index.ts","statementMap":{},"fnMap":{},"branchMap":{},"s":{},"f":{},"b":{},"_coverageSchema":"1a1c01bbd47fc00a2c39e90264f33305004495a9","hash":"9a25c26593b08c23ddc67199d82a36c29084cf67"}
,"/Users/princesengayire/Projects/fast-bit-coins/src/containers/styles.ts": {"path":"/Users/princesengayire/Projects/fast-bit-coins/src/containers/styles.ts","statementMap":{"0":{"start":{"line":3,"column":22},"end":{"line":13,"column":2}}},"fnMap":{},"branchMap":{},"s":{"0":4},"f":{},"b":{},"_coverageSchema":"1a1c01bbd47fc00a2c39e90264f33305004495a9","hash":"55e22ac38ec339dfc458621f33d84af687a49393"}
,"/Users/princesengayire/Projects/fast-bit-coins/src/containers/with-navigation.tsx": {"path":"/Users/princesengayire/Projects/fast-bit-coins/src/containers/with-navigation.tsx","statementMap":{"0":{"start":{"line":17,"column":32},"end":{"line":41,"column":1}},"1":{"start":{"line":23,"column":23},"end":{"line":23,"column":55}},"2":{"start":{"line":24,"column":16},"end":{"line":24,"column":32}},"3":{"start":{"line":25,"column":27},"end":{"line":30,"column":3}},"4":{"start":{"line":26,"column":4},"end":{"line":26,"column":21}},"5":{"start":{"line":27,"column":4},"end":{"line":29,"column":5}},"6":{"start":{"line":28,"column":6},"end":{"line":28,"column":32}},"7":{"start":{"line":31,"column":2},"end":{"line":40,"column":3}}},"fnMap":{"0":{"name":"(anonymous_0)","decl":{"start":{"line":17,"column":32},"end":{"line":17,"column":33}},"loc":{"start":{"line":22,"column":36},"end":{"line":41,"column":1}},"line":22},"1":{"name":"(anonymous_1)","decl":{"start":{"line":25,"column":27},"end":{"line":25,"column":28}},"loc":{"start":{"line":25,"column":33},"end":{"line":30,"column":3}},"line":25}},"branchMap":{"0":{"loc":{"start":{"line":27,"column":4},"end":{"line":29,"column":5}},"type":"if","locations":[{"start":{"line":27,"column":4},"end":{"line":29,"column":5}},{"start":{},"end":{}}],"line":27},"1":{"loc":{"start":{"line":28,"column":15},"end":{"line":28,"column":31}},"type":"binary-expr","locations":[{"start":{"line":28,"column":15},"end":{"line":28,"column":25}},{"start":{"line":28,"column":29},"end":{"line":28,"column":31}}],"line":28}},"s":{"0":4,"1":9,"2":9,"3":9,"4":0,"5":0,"6":0,"7":9},"f":{"0":9,"1":0},"b":{"0":[0,0],"1":[0,0]},"_coverageSchema":"1a1c01bbd47fc00a2c39e90264f33305004495a9","hash":"058542bf82a561e37dd4787b9fb605f9adca6400"}
,"/Users/princesengayire/Projects/fast-bit-coins/src/navigation/index.tsx": {"path":"/Users/princesengayire/Projects/fast-bit-coins/src/navigation/index.tsx","statementMap":{"0":{"start":{"line":7,"column":24},"end":{"line":13,"column":1}},"1":{"start":{"line":15,"column":19},"end":{"line":21,"column":1}},"2":{"start":{"line":16,"column":2},"end":{"line":20,"column":3}}},"fnMap":{"0":{"name":"(anonymous_0)","decl":{"start":{"line":15,"column":19},"end":{"line":15,"column":20}},"loc":{"start":{"line":15,"column":25},"end":{"line":21,"column":1}},"line":15}},"branchMap":{},"s":{"0":1,"1":1,"2":1},"f":{"0":1},"b":{},"_coverageSchema":"1a1c01bbd47fc00a2c39e90264f33305004495a9","hash":"b706a2c7882c1ef87b68683e2e7ea529cbb79313"}
,"/Users/princesengayire/Projects/fast-bit-coins/src/navigation/stack-navigation.tsx": {"path":"/Users/princesengayire/Projects/fast-bit-coins/src/navigation/stack-navigation.tsx","statementMap":{"0":{"start":{"line":14,"column":14},"end":{"line":14,"column":42}},"1":{"start":{"line":16,"column":24},"end":{"line":64,"column":1}},"2":{"start":{"line":17,"column":19},"end":{"line":17,"column":32}},"3":{"start":{"line":18,"column":16},"end":{"line":18,"column":32}},"4":{"start":{"line":20,"column":15},"end":{"line":20,"column":46}},"5":{"start":{"line":20,"column":41},"end":{"line":20,"column":45}},"6":{"start":{"line":22,"column":2},"end":{"line":24,"column":16}},"7":{"start":{"line":23,"column":4},"end":{"line":23,"column":85}},"8":{"start":{"line":23,"column":56},"end":{"line":23,"column":84}},"9":{"start":{"line":26,"column":2},"end":{"line":63,"column":3}},"10":{"start":{"line":29,"column":28},"end":{"line":29,"column":65}},"11":{"start":{"line":31,"column":10},"end":{"line":60,"column":11}},"12":{"start":{"line":40,"column":32},"end":{"line":40,"column":67}},"13":{"start":{"line":42,"column":31},"end":{"line":42,"column":63}},"14":{"start":{"line":43,"column":31},"end":{"line":43,"column":67}},"15":{"start":{"line":44,"column":31},"end":{"line":44,"column":55}},"16":{"start":{"line":45,"column":35},"end":{"line":45,"column":59}},"17":{"start":{"line":46,"column":18},"end":{"line":56,"column":19}},"18":{"start":{"line":47,"column":20},"end":{"line":55,"column":21}}},"fnMap":{"0":{"name":"(anonymous_0)","decl":{"start":{"line":16,"column":24},"end":{"line":16,"column":25}},"loc":{"start":{"line":16,"column":30},"end":{"line":64,"column":1}},"line":16},"1":{"name":"(anonymous_1)","decl":{"start":{"line":20,"column":27},"end":{"line":20,"column":28}},"loc":{"start":{"line":20,"column":41},"end":{"line":20,"column":45}},"line":20},"2":{"name":"(anonymous_2)","decl":{"start":{"line":22,"column":12},"end":{"line":22,"column":13}},"loc":{"start":{"line":22,"column":18},"end":{"line":24,"column":3}},"line":22},"3":{"name":"(anonymous_3)","decl":{"start":{"line":23,"column":45},"end":{"line":23,"column":46}},"loc":{"start":{"line":23,"column":56},"end":{"line":23,"column":84}},"line":23},"4":{"name":"(anonymous_4)","decl":{"start":{"line":29,"column":16},"end":{"line":29,"column":17}},"loc":{"start":{"line":29,"column":28},"end":{"line":29,"column":65}},"line":29},"5":{"name":"(anonymous_5)","decl":{"start":{"line":30,"column":13},"end":{"line":30,"column":14}},"loc":{"start":{"line":30,"column":58},"end":{"line":61,"column":9}},"line":30},"6":{"name":"(anonymous_6)","decl":{"start":{"line":39,"column":24},"end":{"line":39,"column":25}},"loc":{"start":{"line":39,"column":84},"end":{"line":57,"column":17}},"line":39}},"branchMap":{"0":{"loc":{"start":{"line":29,"column":28},"end":{"line":29,"column":65}},"type":"cond-expr","locations":[{"start":{"line":29,"column":42},"end":{"line":29,"column":57}},{"start":{"line":29,"column":60},"end":{"line":29,"column":65}}],"line":29},"1":{"loc":{"start":{"line":46,"column":18},"end":{"line":56,"column":19}},"type":"if","locations":[{"start":{"line":46,"column":18},"end":{"line":56,"column":19}},{"start":{},"end":{}}],"line":46}},"s":{"0":1,"1":1,"2":1,"3":1,"4":1,"5":2,"6":1,"7":1,"8":0,"9":1,"10":6,"11":6,"12":1,"13":1,"14":1,"15":1,"16":1,"17":1,"18":0},"f":{"0":1,"1":2,"2":1,"3":0,"4":6,"5":6,"6":1},"b":{"0":[0,6],"1":[0,1]},"_coverageSchema":"1a1c01bbd47fc00a2c39e90264f33305004495a9","hash":"8444ebedebc0867be8189e8892524929360c87dc"}
,"/Users/princesengayire/Projects/fast-bit-coins/src/queries/index.ts": {"path":"/Users/princesengayire/Projects/fast-bit-coins/src/queries/index.ts","statementMap":{"0":{"start":{"line":3,"column":26},"end":{"line":23,"column":1}}},"fnMap":{},"branchMap":{},"s":{"0":2},"f":{},"b":{},"_coverageSchema":"1a1c01bbd47fc00a2c39e90264f33305004495a9","hash":"52967a58e0a5ad03b249a7ebea86567305a18a6a"}
,"/Users/princesengayire/Projects/fast-bit-coins/src/redux/auth-slice.ts": {"path":"/Users/princesengayire/Projects/fast-bit-coins/src/redux/auth-slice.ts","statementMap":{"0":{"start":{"line":3,"column":21},"end":{"line":5,"column":1}},"1":{"start":{"line":7,"column":25},"end":{"line":15,"column":2}},"2":{"start":{"line":12,"column":6},"end":{"line":12,"column":28}},"3":{"start":{"line":17,"column":23},"end":{"line":17,"column":44}},"4":{"start":{"line":17,"column":34},"end":{"line":17,"column":44}},"5":{"start":{"line":19,"column":30},"end":{"line":19,"column":80}},"6":{"start":{"line":19,"column":75},"end":{"line":19,"column":79}},"7":{"start":{"line":21,"column":29},"end":{"line":21,"column":46}}},"fnMap":{"0":{"name":"(anonymous_0)","decl":{"start":{"line":11,"column":15},"end":{"line":11,"column":16}},"loc":{"start":{"line":11,"column":39},"end":{"line":13,"column":5}},"line":11},"1":{"name":"(anonymous_1)","decl":{"start":{"line":17,"column":23},"end":{"line":17,"column":24}},"loc":{"start":{"line":17,"column":34},"end":{"line":17,"column":44}},"line":17},"2":{"name":"(anonymous_2)","decl":{"start":{"line":19,"column":61},"end":{"line":19,"column":62}},"loc":{"start":{"line":19,"column":75},"end":{"line":19,"column":79}},"line":19}},"branchMap":{},"s":{"0":2,"1":2,"2":0,"3":2,"4":0,"5":2,"6":0,"7":2},"f":{"0":0,"1":0,"2":0},"b":{},"_coverageSchema":"1a1c01bbd47fc00a2c39e90264f33305004495a9","hash":"5d8c06c6abf158d9d750582b0d9d9ba1c9d1a6f0"}
,"/Users/princesengayire/Projects/fast-bit-coins/src/redux/store.ts": {"path":"/Users/princesengayire/Projects/fast-bit-coins/src/redux/store.ts","statementMap":{"0":{"start":{"line":6,"column":21},"end":{"line":11,"column":2}}},"fnMap":{},"branchMap":{},"s":{"0":1},"f":{},"b":{},"_coverageSchema":"1a1c01bbd47fc00a2c39e90264f33305004495a9","hash":"05024bbb3a5f54dbcd3155634a8c994c1e8a65a3"}
,"/Users/princesengayire/Projects/fast-bit-coins/src/redux/user-slice.ts": {"path":"/Users/princesengayire/Projects/fast-bit-coins/src/redux/user-slice.ts","statementMap":{"0":{"start":{"line":3,"column":21},"end":{"line":9,"column":1}},"1":{"start":{"line":11,"column":25},"end":{"line":26,"column":2}},"2":{"start":{"line":16,"column":6},"end":{"line":16,"column":37}},"3":{"start":{"line":19,"column":6},"end":{"line":19,"column":22}},"4":{"start":{"line":20,"column":6},"end":{"line":20,"column":22}},"5":{"start":{"line":21,"column":6},"end":{"line":21,"column":24}},"6":{"start":{"line":22,"column":6},"end":{"line":22,"column":25}},"7":{"start":{"line":23,"column":6},"end":{"line":23,"column":32}},"8":{"start":{"line":28,"column":23},"end":{"line":28,"column":44}},"9":{"start":{"line":28,"column":34},"end":{"line":28,"column":44}},"10":{"start":{"line":30,"column":30},"end":{"line":30,"column":80}},"11":{"start":{"line":30,"column":75},"end":{"line":30,"column":79}},"12":{"start":{"line":32,"column":46},"end":{"line":32,"column":63}}},"fnMap":{"0":{"name":"(anonymous_0)","decl":{"start":{"line":15,"column":17},"end":{"line":15,"column":18}},"loc":{"start":{"line":15,"column":41},"end":{"line":17,"column":5}},"line":15},"1":{"name":"(anonymous_1)","decl":{"start":{"line":18,"column":19},"end":{"line":18,"column":20}},"loc":{"start":{"line":18,"column":30},"end":{"line":24,"column":5}},"line":18},"2":{"name":"(anonymous_2)","decl":{"start":{"line":28,"column":23},"end":{"line":28,"column":24}},"loc":{"start":{"line":28,"column":34},"end":{"line":28,"column":44}},"line":28},"3":{"name":"(anonymous_3)","decl":{"start":{"line":30,"column":61},"end":{"line":30,"column":62}},"loc":{"start":{"line":30,"column":75},"end":{"line":30,"column":79}},"line":30}},"branchMap":{},"s":{"0":4,"1":4,"2":0,"3":0,"4":0,"5":0,"6":0,"7":0,"8":4,"9":0,"10":4,"11":0,"12":4},"f":{"0":0,"1":0,"2":0,"3":0},"b":{},"_coverageSchema":"1a1c01bbd47fc00a2c39e90264f33305004495a9","hash":"25981fe5cfc68c571b840acd7a81cd0f06b381ab"}
,"/Users/princesengayire/Projects/fast-bit-coins/src/routes/dashboard-route.ts": {"path":"/Users/princesengayire/Projects/fast-bit-coins/src/routes/dashboard-route.ts","statementMap":{},"fnMap":{},"branchMap":{},"s":{},"f":{},"b":{},"_coverageSchema":"1a1c01bbd47fc00a2c39e90264f33305004495a9","hash":"747bedba16d6b1657ad6d1f08f0311c37e69332e"}
,"/Users/princesengayire/Projects/fast-bit-coins/src/routes/email-route.ts": {"path":"/Users/princesengayire/Projects/fast-bit-coins/src/routes/email-route.ts","statementMap":{},"fnMap":{},"branchMap":{},"s":{},"f":{},"b":{},"_coverageSchema":"1a1c01bbd47fc00a2c39e90264f33305004495a9","hash":"2d11c3142d69d68a664c1c6ed7fcad6b74f77ada"}
,"/Users/princesengayire/Projects/fast-bit-coins/src/routes/index.ts": {"path":"/Users/princesengayire/Projects/fast-bit-coins/src/routes/index.ts","statementMap":{},"fnMap":{},"branchMap":{},"s":{},"f":{},"b":{},"_coverageSchema":"1a1c01bbd47fc00a2c39e90264f33305004495a9","hash":"4268d3a7c283849eaa018b88b586c4af7199d806"}
,"/Users/princesengayire/Projects/fast-bit-coins/src/routes/new-account-route.ts": {"path":"/Users/princesengayire/Projects/fast-bit-coins/src/routes/new-account-route.ts","statementMap":{},"fnMap":{},"branchMap":{},"s":{},"f":{},"b":{},"_coverageSchema":"1a1c01bbd47fc00a2c39e90264f33305004495a9","hash":"75cec5451fc67beaf8362fb4dc40ae316f0cf5dd"}
,"/Users/princesengayire/Projects/fast-bit-coins/src/routes/password-route.ts": {"path":"/Users/princesengayire/Projects/fast-bit-coins/src/routes/password-route.ts","statementMap":{},"fnMap":{},"branchMap":{},"s":{},"f":{},"b":{},"_coverageSchema":"1a1c01bbd47fc00a2c39e90264f33305004495a9","hash":"14cfee7385406e6adfea3be0d5bc45b6cf8d6a2d"}
,"/Users/princesengayire/Projects/fast-bit-coins/src/routes/select-language.ts": {"path":"/Users/princesengayire/Projects/fast-bit-coins/src/routes/select-language.ts","statementMap":{},"fnMap":{},"branchMap":{},"s":{},"f":{},"b":{},"_coverageSchema":"1a1c01bbd47fc00a2c39e90264f33305004495a9","hash":"76c6dfef0887c45fbe052a6d88395d2d7134e941"}
,"/Users/princesengayire/Projects/fast-bit-coins/src/routes/verification-success-route.ts": {"path":"/Users/princesengayire/Projects/fast-bit-coins/src/routes/verification-success-route.ts","statementMap":{},"fnMap":{},"branchMap":{},"s":{},"f":{},"b":{},"_coverageSchema":"1a1c01bbd47fc00a2c39e90264f33305004495a9","hash":"914a2bc8645ea241fa3e7b2de61631d3625a4c48"}
,"/Users/princesengayire/Projects/fast-bit-coins/src/screens/dashboard/index.tsx": {"path":"/Users/princesengayire/Projects/fast-bit-coins/src/screens/dashboard/index.tsx","statementMap":{"0":{"start":{"line":3,"column":18},"end":{"line":5,"column":1}},"1":{"start":{"line":4,"column":2},"end":{"line":4,"column":31}}},"fnMap":{"0":{"name":"(anonymous_0)","decl":{"start":{"line":3,"column":18},"end":{"line":3,"column":19}},"loc":{"start":{"line":3,"column":24},"end":{"line":5,"column":1}},"line":3}},"branchMap":{},"s":{"0":2,"1":1},"f":{"0":1},"b":{},"_coverageSchema":"1a1c01bbd47fc00a2c39e90264f33305004495a9","hash":"d2839500bf39026431a2873a11c590c4393e2ba4"}
,"/Users/princesengayire/Projects/fast-bit-coins/src/screens/email-screen/index.tsx": {"path":"/Users/princesengayire/Projects/fast-bit-coins/src/screens/email-screen/index.tsx","statementMap":{"0":{"start":{"line":11,"column":20},"end":{"line":34,"column":1}},"1":{"start":{"line":12,"column":19},"end":{"line":12,"column":32}},"2":{"start":{"line":13,"column":56},"end":{"line":19,"column":4}},"3":{"start":{"line":16,"column":6},"end":{"line":16,"column":52}},"4":{"start":{"line":21,"column":25},"end":{"line":23,"column":3}},"5":{"start":{"line":22,"column":4},"end":{"line":22,"column":32}},"6":{"start":{"line":25,"column":2},"end":{"line":33,"column":3}}},"fnMap":{"0":{"name":"(anonymous_0)","decl":{"start":{"line":11,"column":20},"end":{"line":11,"column":21}},"loc":{"start":{"line":11,"column":26},"end":{"line":34,"column":1}},"line":11},"1":{"name":"(anonymous_1)","decl":{"start":{"line":15,"column":14},"end":{"line":15,"column":15}},"loc":{"start":{"line":15,"column":26},"end":{"line":17,"column":5}},"line":15},"2":{"name":"(anonymous_2)","decl":{"start":{"line":21,"column":25},"end":{"line":21,"column":26}},"loc":{"start":{"line":21,"column":35},"end":{"line":23,"column":3}},"line":21}},"branchMap":{"0":{"loc":{"start":{"line":29,"column":22},"end":{"line":29,"column":83}},"type":"binary-expr","locations":[{"start":{"line":29,"column":22},"end":{"line":29,"column":51}},{"start":{"line":29,"column":55},"end":{"line":29,"column":83}}],"line":29}},"s":{"0":2,"1":1,"2":1,"3":0,"4":1,"5":0,"6":1},"f":{"0":1,"1":0,"2":0},"b":{"0":[1,1]},"_coverageSchema":"1a1c01bbd47fc00a2c39e90264f33305004495a9","hash":"d1fbd2613cc26b608632f1d01d1056cfd42d3ec3"}
,"/Users/princesengayire/Projects/fast-bit-coins/src/screens/new-account-screen/index.tsx": {"path":"/Users/princesengayire/Projects/fast-bit-coins/src/screens/new-account-screen/index.tsx","statementMap":{"0":{"start":{"line":9,"column":25},"end":{"line":32,"column":1}},"1":{"start":{"line":10,"column":19},"end":{"line":10,"column":32}},"2":{"start":{"line":12,"column":51},"end":{"line":17,"column":3}},"3":{"start":{"line":19,"column":32},"end":{"line":21,"column":3}},"4":{"start":{"line":20,"column":4},"end":{"line":20,"column":58}},"5":{"start":{"line":23,"column":2},"end":{"line":31,"column":3}}},"fnMap":{"0":{"name":"(anonymous_0)","decl":{"start":{"line":9,"column":25},"end":{"line":9,"column":26}},"loc":{"start":{"line":9,"column":31},"end":{"line":32,"column":1}},"line":9},"1":{"name":"(anonymous_1)","decl":{"start":{"line":19,"column":32},"end":{"line":19,"column":33}},"loc":{"start":{"line":19,"column":38},"end":{"line":21,"column":3}},"line":19}},"branchMap":{"0":{"loc":{"start":{"line":27,"column":22},"end":{"line":27,"column":89}},"type":"cond-expr","locations":[{"start":{"line":27,"column":56},"end":{"line":27,"column":74}},{"start":{"line":27,"column":77},"end":{"line":27,"column":89}}],"line":27}},"s":{"0":2,"1":2,"2":2,"3":2,"4":0,"5":2},"f":{"0":2,"1":0},"b":{"0":[2,0]},"_coverageSchema":"1a1c01bbd47fc00a2c39e90264f33305004495a9","hash":"7e4c7fcc2ac9a7aca53f62a4dff8ab973dd5a90a"}
,"/Users/princesengayire/Projects/fast-bit-coins/src/screens/password-screen/index.tsx": {"path":"/Users/princesengayire/Projects/fast-bit-coins/src/screens/password-screen/index.tsx","statementMap":{"0":{"start":{"line":18,"column":23},"end":{"line":94,"column":1}},"1":{"start":{"line":19,"column":19},"end":{"line":19,"column":32}},"2":{"start":{"line":20,"column":23},"end":{"line":20,"column":55}},"3":{"start":{"line":22,"column":15},"end":{"line":22,"column":46}},"4":{"start":{"line":22,"column":41},"end":{"line":22,"column":45}},"5":{"start":{"line":24,"column":46},"end":{"line":31,"column":4}},"6":{"start":{"line":26,"column":6},"end":{"line":29,"column":8}},"7":{"start":{"line":27,"column":8},"end":{"line":27,"column":50}},"8":{"start":{"line":28,"column":8},"end":{"line":28,"column":33}},"9":{"start":{"line":33,"column":2},"end":{"line":40,"column":3}},"10":{"start":{"line":34,"column":4},"end":{"line":39,"column":6}},"11":{"start":{"line":36,"column":8},"end":{"line":36,"column":33}},"12":{"start":{"line":37,"column":8},"end":{"line":37,"column":35}},"13":{"start":{"line":42,"column":56},"end":{"line":54,"column":4}},"14":{"start":{"line":46,"column":6},"end":{"line":51,"column":7}},"15":{"start":{"line":55,"column":2},"end":{"line":58,"column":27}},"16":{"start":{"line":56,"column":4},"end":{"line":56,"column":39}},"17":{"start":{"line":57,"column":4},"end":{"line":57,"column":45}},"18":{"start":{"line":60,"column":2},"end":{"line":74,"column":19}},"19":{"start":{"line":61,"column":4},"end":{"line":73,"column":5}},"20":{"start":{"line":62,"column":7},"end":{"line":72,"column":10}},"21":{"start":{"line":63,"column":34},"end":{"line":63,"column":63}},"22":{"start":{"line":64,"column":41},"end":{"line":64,"column":77}},"23":{"start":{"line":65,"column":8},"end":{"line":71,"column":10}},"24":{"start":{"line":76,"column":2},"end":{"line":93,"column":3}},"25":{"start":{"line":87,"column":39},"end":{"line":87,"column":70}},"26":{"start":{"line":88,"column":46},"end":{"line":88,"column":84}}},"fnMap":{"0":{"name":"(anonymous_0)","decl":{"start":{"line":18,"column":23},"end":{"line":18,"column":24}},"loc":{"start":{"line":18,"column":29},"end":{"line":94,"column":1}},"line":18},"1":{"name":"(anonymous_1)","decl":{"start":{"line":22,"column":27},"end":{"line":22,"column":28}},"loc":{"start":{"line":22,"column":41},"end":{"line":22,"column":45}},"line":22},"2":{"name":"(anonymous_2)","decl":{"start":{"line":25,"column":17},"end":{"line":25,"column":18}},"loc":{"start":{"line":25,"column":27},"end":{"line":30,"column":5}},"line":25},"3":{"name":"(anonymous_3)","decl":{"start":{"line":26,"column":69},"end":{"line":26,"column":70}},"loc":{"start":{"line":26,"column":75},"end":{"line":29,"column":7}},"line":26},"4":{"name":"(anonymous_4)","decl":{"start":{"line":35,"column":14},"end":{"line":35,"column":15}},"loc":{"start":{"line":35,"column":26},"end":{"line":38,"column":7}},"line":35},"5":{"name":"(anonymous_5)","decl":{"start":{"line":45,"column":14},"end":{"line":45,"column":15}},"loc":{"start":{"line":45,"column":26},"end":{"line":52,"column":5}},"line":45},"6":{"name":"(anonymous_6)","decl":{"start":{"line":55,"column":12},"end":{"line":55,"column":13}},"loc":{"start":{"line":55,"column":18},"end":{"line":58,"column":3}},"line":55},"7":{"name":"(anonymous_7)","decl":{"start":{"line":60,"column":12},"end":{"line":60,"column":13}},"loc":{"start":{"line":60,"column":18},"end":{"line":74,"column":3}},"line":60},"8":{"name":"(anonymous_8)","decl":{"start":{"line":62,"column":8},"end":{"line":62,"column":9}},"loc":{"start":{"line":62,"column":20},"end":{"line":72,"column":7}},"line":62},"9":{"name":"(anonymous_9)","decl":{"start":{"line":87,"column":21},"end":{"line":87,"column":22}},"loc":{"start":{"line":87,"column":39},"end":{"line":87,"column":70}},"line":87},"10":{"name":"(anonymous_10)","decl":{"start":{"line":88,"column":28},"end":{"line":88,"column":29}},"loc":{"start":{"line":88,"column":46},"end":{"line":88,"column":84}},"line":88}},"branchMap":{"0":{"loc":{"start":{"line":33,"column":2},"end":{"line":40,"column":3}},"type":"if","locations":[{"start":{"line":33,"column":2},"end":{"line":40,"column":3}},{"start":{},"end":{}}],"line":33},"1":{"loc":{"start":{"line":61,"column":4},"end":{"line":73,"column":5}},"type":"if","locations":[{"start":{"line":61,"column":4},"end":{"line":73,"column":5}},{"start":{},"end":{}}],"line":61},"2":{"loc":{"start":{"line":80,"column":8},"end":{"line":83,"column":47}},"type":"binary-expr","locations":[{"start":{"line":80,"column":8},"end":{"line":80,"column":15}},{"start":{"line":81,"column":8},"end":{"line":81,"column":39}},{"start":{"line":82,"column":8},"end":{"line":82,"column":46}},{"start":{"line":83,"column":8},"end":{"line":83,"column":47}}],"line":80},"3":{"loc":{"start":{"line":89,"column":23},"end":{"line":89,"column":59}},"type":"binary-expr","locations":[{"start":{"line":89,"column":23},"end":{"line":89,"column":53}},{"start":{"line":89,"column":57},"end":{"line":89,"column":59}}],"line":89},"4":{"loc":{"start":{"line":90,"column":30},"end":{"line":90,"column":73}},"type":"binary-expr","locations":[{"start":{"line":90,"column":30},"end":{"line":90,"column":67}},{"start":{"line":90,"column":71},"end":{"line":90,"column":73}}],"line":90}},"s":{"0":2,"1":6,"2":6,"3":6,"4":0,"5":6,"6":0,"7":0,"8":0,"9":6,"10":0,"11":0,"12":0,"13":6,"14":0,"15":6,"16":1,"17":1,"18":6,"19":1,"20":0,"21":0,"22":0,"23":0,"24":6,"25":0,"26":0},"f":{"0":6,"1":0,"2":0,"3":0,"4":0,"5":0,"6":1,"7":1,"8":0,"9":0,"10":0},"b":{"0":[0,6],"1":[0,1],"2":[6,6,0,0],"3":[6,5],"4":[6,5]},"_coverageSchema":"1a1c01bbd47fc00a2c39e90264f33305004495a9","hash":"008a43edca0b3b049229e43ef821c100d58a0647"}
,"/Users/princesengayire/Projects/fast-bit-coins/src/screens/select-language/index.tsx": {"path":"/Users/princesengayire/Projects/fast-bit-coins/src/screens/select-language/index.tsx","statementMap":{"0":{"start":{"line":6,"column":23},"end":{"line":12,"column":1}},"1":{"start":{"line":7,"column":2},"end":{"line":11,"column":3}},"2":{"start":{"line":14,"column":15},"end":{"line":16,"column":2}}},"fnMap":{"0":{"name":"(anonymous_0)","decl":{"start":{"line":6,"column":23},"end":{"line":6,"column":24}},"loc":{"start":{"line":6,"column":29},"end":{"line":12,"column":1}},"line":6}},"branchMap":{},"s":{"0":1,"1":1,"2":1},"f":{"0":1},"b":{},"_coverageSchema":"1a1c01bbd47fc00a2c39e90264f33305004495a9","hash":"22865765cf720cbeb076f992561a099198efb8a6"}
,"/Users/princesengayire/Projects/fast-bit-coins/src/screens/verification-success-screen/index.tsx": {"path":"/Users/princesengayire/Projects/fast-bit-coins/src/screens/verification-success-screen/index.tsx","statementMap":{"0":{"start":{"line":8,"column":28},"end":{"line":18,"column":1}},"1":{"start":{"line":9,"column":23},"end":{"line":9,"column":55}},"2":{"start":{"line":11,"column":2},"end":{"line":15,"column":16}},"3":{"start":{"line":12,"column":4},"end":{"line":14,"column":12}},"4":{"start":{"line":13,"column":6},"end":{"line":13,"column":37}},"5":{"start":{"line":17,"column":2},"end":{"line":17,"column":20}}},"fnMap":{"0":{"name":"(anonymous_0)","decl":{"start":{"line":8,"column":28},"end":{"line":8,"column":29}},"loc":{"start":{"line":8,"column":34},"end":{"line":18,"column":1}},"line":8},"1":{"name":"(anonymous_1)","decl":{"start":{"line":11,"column":12},"end":{"line":11,"column":13}},"loc":{"start":{"line":11,"column":18},"end":{"line":15,"column":3}},"line":11},"2":{"name":"(anonymous_2)","decl":{"start":{"line":12,"column":15},"end":{"line":12,"column":16}},"loc":{"start":{"line":12,"column":21},"end":{"line":14,"column":5}},"line":12}},"branchMap":{},"s":{"0":2,"1":1,"2":1,"3":1,"4":0,"5":1},"f":{"0":1,"1":1,"2":0},"b":{},"_coverageSchema":"1a1c01bbd47fc00a2c39e90264f33305004495a9","hash":"0c05339ca91429a7fb9163067b112fb8a8e586bb"}
,"/Users/princesengayire/Projects/fast-bit-coins/src/services/locale/index.ts": {"path":"/Users/princesengayire/Projects/fast-bit-coins/src/services/locale/index.ts","statementMap":{},"fnMap":{},"branchMap":{},"s":{},"f":{},"b":{},"_coverageSchema":"1a1c01bbd47fc00a2c39e90264f33305004495a9","hash":"a074eba446ad084cf387f9da0ada73a1d6ecd2b3"}
,"/Users/princesengayire/Projects/fast-bit-coins/src/styles/background.ts": {"path":"/Users/princesengayire/Projects/fast-bit-coins/src/styles/background.ts","statementMap":{"0":{"start":{"line":10,"column":25},"end":{"line":12,"column":3}},"1":{"start":{"line":10,"column":67},"end":{"line":12,"column":1}},"2":{"start":{"line":14,"column":0},"end":{"line":16,"column":2}},"3":{"start":{"line":15,"column":2},"end":{"line":15,"column":34}},"4":{"start":{"line":18,"column":13},"end":{"line":18,"column":34}}},"fnMap":{"0":{"name":"(anonymous_0)","decl":{"start":{"line":10,"column":49},"end":{"line":10,"column":50}},"loc":{"start":{"line":10,"column":67},"end":{"line":12,"column":1}},"line":10},"1":{"name":"(anonymous_1)","decl":{"start":{"line":14,"column":25},"end":{"line":14,"column":26}},"loc":{"start":{"line":14,"column":36},"end":{"line":16,"column":1}},"line":14}},"branchMap":{},"s":{"0":4,"1":40,"2":4,"3":40,"4":4},"f":{"0":40,"1":40},"b":{},"_coverageSchema":"1a1c01bbd47fc00a2c39e90264f33305004495a9","hash":"a2cb6455b0d449f01ff8e692899816e8e8c2ecf4"}
,"/Users/princesengayire/Projects/fast-bit-coins/src/styles/index.ts": {"path":"/Users/princesengayire/Projects/fast-bit-coins/src/styles/index.ts","statementMap":{"0":{"start":{"line":6,"column":21},"end":{"line":9,"column":2}}},"fnMap":{},"branchMap":{},"s":{"0":4},"f":{},"b":{},"_coverageSchema":"1a1c01bbd47fc00a2c39e90264f33305004495a9","hash":"67388136071d8b311e16d432a09edbba6d56332d"}
,"/Users/princesengayire/Projects/fast-bit-coins/src/styles/text.ts": {"path":"/Users/princesengayire/Projects/fast-bit-coins/src/styles/text.ts","statementMap":{"0":{"start":{"line":20,"column":19},"end":{"line":22,"column":3}},"1":{"start":{"line":20,"column":61},"end":{"line":22,"column":1}},"2":{"start":{"line":24,"column":18},"end":{"line":26,"column":3}},"3":{"start":{"line":24,"column":64},"end":{"line":26,"column":1}},"4":{"start":{"line":28,"column":13},"end":{"line":28,"column":28}},"5":{"start":{"line":30,"column":1},"end":{"line":32,"column":2}},"6":{"start":{"line":31,"column":2},"end":{"line":31,"column":34}}},"fnMap":{"0":{"name":"(anonymous_0)","decl":{"start":{"line":20,"column":43},"end":{"line":20,"column":44}},"loc":{"start":{"line":20,"column":61},"end":{"line":22,"column":1}},"line":20},"1":{"name":"(anonymous_1)","decl":{"start":{"line":24,"column":46},"end":{"line":24,"column":47}},"loc":{"start":{"line":24,"column":64},"end":{"line":26,"column":1}},"line":24},"2":{"name":"(anonymous_2)","decl":{"start":{"line":30,"column":39},"end":{"line":30,"column":40}},"loc":{"start":{"line":30,"column":50},"end":{"line":32,"column":1}},"line":30}},"branchMap":{},"s":{"0":4,"1":40,"2":4,"3":20,"4":4,"5":4,"6":60},"f":{"0":40,"1":20,"2":60},"b":{},"_coverageSchema":"1a1c01bbd47fc00a2c39e90264f33305004495a9","hash":"7fcab398a90bd0310fdf52b94fa986d2385815e6"}
,"/Users/princesengayire/Projects/fast-bit-coins/src/utils/capitalize.ts": {"path":"/Users/princesengayire/Projects/fast-bit-coins/src/utils/capitalize.ts","statementMap":{"0":{"start":{"line":2,"column":2},"end":{"line":4,"column":3}},"1":{"start":{"line":3,"column":4},"end":{"line":3,"column":52}},"2":{"start":{"line":5,"column":2},"end":{"line":5,"column":12}}},"fnMap":{"0":{"name":"(anonymous_0)","decl":{"start":{"line":1,"column":15},"end":{"line":1,"column":16}},"loc":{"start":{"line":1,"column":32},"end":{"line":6,"column":1}},"line":1}},"branchMap":{"0":{"loc":{"start":{"line":2,"column":2},"end":{"line":4,"column":3}},"type":"if","locations":[{"start":{"line":2,"column":2},"end":{"line":4,"column":3}},{"start":{},"end":{}}],"line":2},"1":{"loc":{"start":{"line":2,"column":6},"end":{"line":2,"column":44}},"type":"binary-expr","locations":[{"start":{"line":2,"column":6},"end":{"line":2,"column":29}},{"start":{"line":2,"column":33},"end":{"line":2,"column":44}}],"line":2}},"s":{"0":80,"1":80,"2":0},"f":{"0":80},"b":{"0":[80,0],"1":[80,80]},"_coverageSchema":"1a1c01bbd47fc00a2c39e90264f33305004495a9","hash":"4e026a2a50a062342bca3629f5c2c04dfe140660"}
,"/Users/princesengayire/Projects/fast-bit-coins/src/utils/colors.ts": {"path":"/Users/princesengayire/Projects/fast-bit-coins/src/utils/colors.ts","statementMap":{"0":{"start":{"line":3,"column":34},"end":{"line":14,"column":1}}},"fnMap":{},"branchMap":{},"s":{"0":6},"f":{},"b":{},"_coverageSchema":"1a1c01bbd47fc00a2c39e90264f33305004495a9","hash":"db746f9b8f531a00cc959f8ca31c078dd8b015da"}
,"/Users/princesengayire/Projects/fast-bit-coins/src/utils/dimensions.ts": {"path":"/Users/princesengayire/Projects/fast-bit-coins/src/utils/dimensions.ts","statementMap":{"0":{"start":{"line":8,"column":26},"end":{"line":14,"column":1}},"1":{"start":{"line":20,"column":22},"end":{"line":23,"column":1}}},"fnMap":{},"branchMap":{},"s":{"0":4,"1":4},"f":{},"b":{},"_coverageSchema":"1a1c01bbd47fc00a2c39e90264f33305004495a9","hash":"139e6df158b843465fe128fa52ebd72163ec4f28"}
,"/Users/princesengayire/Projects/fast-bit-coins/src/utils/encryption.ts": {"path":"/Users/princesengayire/Projects/fast-bit-coins/src/utils/encryption.ts","statementMap":{"0":{"start":{"line":3,"column":23},"end":{"line":5,"column":1}},"1":{"start":{"line":4,"column":2},"end":{"line":4,"column":100}},"2":{"start":{"line":4,"column":95},"end":{"line":4,"column":99}}},"fnMap":{"0":{"name":"(anonymous_0)","decl":{"start":{"line":3,"column":23},"end":{"line":3,"column":24}},"loc":{"start":{"line":3,"column":41},"end":{"line":5,"column":1}},"line":3},"1":{"name":"(anonymous_1)","decl":{"start":{"line":4,"column":85},"end":{"line":4,"column":86}},"loc":{"start":{"line":4,"column":95},"end":{"line":4,"column":99}},"line":4}},"branchMap":{},"s":{"0":2,"1":0,"2":0},"f":{"0":0,"1":0},"b":{},"_coverageSchema":"1a1c01bbd47fc00a2c39e90264f33305004495a9","hash":"ef40540f3ffe5550305772cde94024cd0d214151"}
,"/Users/princesengayire/Projects/fast-bit-coins/src/utils/validation.ts": {"path":"/Users/princesengayire/Projects/fast-bit-coins/src/utils/validation.ts","statementMap":{"0":{"start":{"line":9,"column":48},"end":{"line":13,"column":1}},"1":{"start":{"line":15,"column":2},"end":{"line":15,"column":152}},"2":{"start":{"line":17,"column":32},"end":{"line":41,"column":2}},"3":{"start":{"line":26,"column":6},"end":{"line":32,"column":41}},"4":{"start":{"line":27,"column":29},"end":{"line":27,"column":74}},"5":{"start":{"line":37,"column":6},"end":{"line":39,"column":49}}},"fnMap":{"0":{"name":"(anonymous_0)","decl":{"start":{"line":25,"column":10},"end":{"line":25,"column":11}},"loc":{"start":{"line":26,"column":6},"end":{"line":32,"column":41}},"line":26},"1":{"name":"(anonymous_1)","decl":{"start":{"line":27,"column":16},"end":{"line":27,"column":17}},"loc":{"start":{"line":27,"column":29},"end":{"line":27,"column":74}},"line":27},"2":{"name":"(anonymous_2)","decl":{"start":{"line":36,"column":10},"end":{"line":36,"column":11}},"loc":{"start":{"line":37,"column":6},"end":{"line":39,"column":49}},"line":37}},"branchMap":{},"s":{"0":3,"1":3,"2":3,"3":2,"4":0,"5":2},"f":{"0":2,"1":0,"2":2},"b":{},"_coverageSchema":"1a1c01bbd47fc00a2c39e90264f33305004495a9","hash":"4c3dd60a83e4ce07db5985a67ce704a9855867a4"}
}
