TN:
SF:App.tsx
FN:3,App
FNF:1
FNH:1
FNDA:1,App
DA:4,1
LF:1
LH:1
BRF:0
BRH:0
end_of_record
TN:
SF:src/navigation/index.tsx
FN:5,(anonymous_0)
FNF:1
FNH:1
FNDA:1,(anonymous_0)
DA:5,1
DA:6,1
LF:2
LH:2
BRF:0
BRH:0
end_of_record
TN:
SF:src/navigation/stack-navigation.tsx
FN:7,(anonymous_0)
FNF:1
FNH:1
FNDA:1,(anonymous_0)
DA:5,1
DA:7,1
DA:8,1
LF:3
LH:3
BRF:0
BRH:0
end_of_record
TN:
SF:src/screens/dashboard.tsx
FN:4,(anonymous_0)
FNF:1
FNH:1
FNDA:2,(anonymous_0)
DA:4,2
DA:5,2
LF:2
LH:2
BRF:0
BRH:0
end_of_record
TN:
SF:src/styles/index.ts
FNF:0
FNH:0
DA:5,2
LF:1
LH:1
BRF:0
BRH:0
end_of_record
TN:
SF:src/styles/text.ts
FN:20,(anonymous_0)
FN:24,(anonymous_1)
FN:30,(anonymous_2)
FNF:3
FNH:3
FNDA:20,(anonymous_0)
FNDA:10,(anonymous_1)
FNDA:30,(anonymous_2)
DA:20,20
DA:24,10
DA:28,2
DA:30,2
DA:31,30
LF:5
LH:5
BRF:0
BRH:0
end_of_record
TN:
SF:src/utils/capitalize.ts
FN:1,(anonymous_0)
FNF:1
FNH:1
FNDA:20,(anonymous_0)
DA:2,20
DA:3,20
DA:5,0
LF:3
LH:2
BRDA:2,0,0,20
BRDA:2,0,1,0
BRDA:2,1,0,20
BRDA:2,1,1,20
BRF:4
BRH:3
end_of_record
TN:
SF:src/utils/colors.ts
FNF:0
FNH:0
DA:3,2
LF:1
LH:1
BRF:0
BRH:0
end_of_record
TN:
SF:src/utils/dimensions.ts
FNF:0
FNH:0
DA:8,2
DA:20,2
LF:2
LH:2
BRF:0
BRH:0
end_of_record
