TN:
SF:App.tsx
FN:13,App
FNF:1
FNH:1
FNDA:1,App
DA:14,1
LF:1
LH:1
BRF:0
BRH:0
end_of_record
TN:
SF:i18n.config.ts
FNF:0
FNH:0
DA:8,1
DA:10,1
LF:2
LH:2
BRF:0
BRH:0
end_of_record
TN:
SF:assets/arrow-right.svg
FNF:0
FNH:0
DA:1,2
LF:1
LH:1
BRF:0
BRH:0
end_of_record
TN:
SF:assets/back-arrow.svg
FNF:0
FNH:0
DA:1,1
LF:1
LH:1
BRF:0
BRH:0
end_of_record
TN:
SF:assets/dashboard-bg.png
FNF:0
FNH:0
DA:1,1
LF:1
LH:1
BRF:0
BRH:0
end_of_record
TN:
SF:assets/fast-coins-log-xl.svg
FNF:0
FNH:0
DA:1,1
LF:1
LH:1
BRF:0
BRH:0
end_of_record
TN:
SF:assets/fast-coins-log.svg
FNF:0
FNH:0
DA:1,1
LF:1
LH:1
BRF:0
BRH:0
end_of_record
TN:
SF:assets/logout.png
FNF:0
FNH:0
DA:1,1
LF:1
LH:1
BRF:0
BRH:0
end_of_record
TN:
SF:assets/success.svg
FNF:0
FNH:0
DA:1,1
LF:1
LH:1
BRF:0
BRH:0
end_of_record
TN:
SF:src/apollo-client/index.ts
FNF:0
FNH:0
DA:4,1
DA:12,1
LF:2
LH:2
BRF:0
BRH:0
end_of_record
TN:
SF:src/common/button/index.tsx
FN:12,(anonymous_0)
FNF:1
FNH:1
FNDA:10,(anonymous_0)
DA:12,4
DA:13,10
LF:2
LH:2
BRDA:16,0,0,9
BRDA:16,0,1,1
BRDA:20,1,0,9
BRDA:20,1,1,1
BRF:4
BRH:4
end_of_record
TN:
SF:src/common/button/styles.ts
FNF:0
FNH:0
DA:6,4
LF:1
LH:1
BRF:0
BRH:0
end_of_record
TN:
SF:src/common/item/index.tsx
FN:16,(anonymous_0)
FN:17,(anonymous_1)
FN:21,(anonymous_2)
FNF:3
FNH:0
FNDA:0,(anonymous_0)
FNDA:0,(anonymous_1)
FNDA:0,(anonymous_2)
DA:16,2
DA:17,0
DA:18,0
DA:20,0
DA:21,0
LF:5
LH:1
BRDA:22,0,0,0
BRDA:22,0,1,0
BRF:2
BRH:0
end_of_record
TN:
SF:src/common/item/styles.ts
FNF:0
FNH:0
DA:5,2
LF:1
LH:1
BRF:0
BRH:0
end_of_record
TN:
SF:src/common/model/index.tsx
FN:16,(anonymous_0)
FNF:1
FNH:1
FNDA:3,(anonymous_0)
DA:16,2
DA:17,3
LF:2
LH:2
BRDA:16,0,0,2
BRF:1
BRH:1
end_of_record
TN:
SF:src/common/model/styles.ts
FNF:0
FNH:0
DA:5,2
LF:1
LH:1
BRF:0
BRH:0
end_of_record
TN:
SF:src/common/navigation-header/index.tsx
FN:19,(anonymous_0)
FN:29,(anonymous_1)
FNF:2
FNH:0
FNDA:0,(anonymous_0)
FNDA:0,(anonymous_1)
DA:19,1
DA:26,0
DA:29,0
LF:3
LH:1
BRDA:30,0,0,0
BRDA:30,0,1,0
BRDA:35,1,0,0
BRDA:35,1,1,0
BRF:4
BRH:0
end_of_record
TN:
SF:src/common/navigation-header/styles.ts
FNF:0
FNH:0
DA:3,1
LF:1
LH:1
BRF:0
BRH:0
end_of_record
TN:
SF:src/common/search-input/index.tsx
FN:14,(anonymous_0)
FN:18,(anonymous_1)
FN:30,(anonymous_2)
FNF:3
FNH:0
FNDA:0,(anonymous_0)
FNDA:0,(anonymous_1)
FNDA:0,(anonymous_2)
DA:14,2
DA:15,0
DA:16,0
DA:18,0
DA:19,0
DA:22,0
DA:30,0
LF:7
LH:1
BRDA:28,0,0,0
BRDA:28,0,1,0
BRF:2
BRH:0
end_of_record
TN:
SF:src/common/search-input/styles.ts
FNF:0
FNH:0
DA:5,2
LF:1
LH:1
BRF:0
BRH:0
end_of_record
TN:
SF:src/common/select-input/index.tsx
FN:17,(anonymous_0)
FNF:1
FNH:1
FNDA:3,(anonymous_0)
DA:17,2
DA:18,3
DA:19,3
DA:21,3
LF:4
LH:4
BRDA:30,0,0,3
BRDA:30,0,1,3
BRF:2
BRH:2
end_of_record
TN:
SF:src/common/select-input/styles.ts
FNF:0
FNH:0
DA:5,2
LF:1
LH:1
BRF:0
BRH:0
end_of_record
TN:
SF:src/common/text-input/index.tsx
FN:14,(anonymous_0)
FNF:1
FNH:1
FNDA:13,(anonymous_0)
DA:14,3
DA:21,13
LF:2
LH:2
BRDA:17,0,0,1
BRDA:28,1,0,13
BRDA:28,1,1,12
BRF:3
BRH:3
end_of_record
TN:
SF:src/common/text-input/styles.ts
FNF:0
FNH:0
DA:5,3
LF:1
LH:1
BRF:0
BRH:0
end_of_record
TN:
SF:src/common/typography/index.tsx
FN:10,(anonymous_0)
FNF:1
FNH:1
FNDA:9,(anonymous_0)
DA:10,4
DA:11,9
LF:2
LH:2
BRF:0
BRH:0
end_of_record
TN:
SF:src/common/typography/styles.ts
FNF:0
FNH:0
DA:3,4
LF:1
LH:1
BRF:0
BRH:0
end_of_record
TN:
SF:src/components/countries-list/index.tsx
FN:14,(anonymous_0)
FN:22,(anonymous_1)
FN:24,(anonymous_2)
FN:34,(anonymous_3)
FN:40,(anonymous_4)
FN:41,(anonymous_5)
FNF:6
FNH:0
FNDA:0,(anonymous_0)
FNDA:0,(anonymous_1)
FNDA:0,(anonymous_2)
FNDA:0,(anonymous_3)
FNDA:0,(anonymous_4)
FNDA:0,(anonymous_5)
DA:14,2
DA:19,0
DA:20,0
DA:22,0
DA:24,0
DA:25,0
DA:26,0
DA:29,0
DA:34,0
DA:40,0
DA:41,0
LF:11
LH:1
BRF:0
BRH:0
end_of_record
TN:
SF:src/components/dashboard-component/index.tsx
FN:17,(anonymous_0)
FN:22,(anonymous_1)
FN:23,(anonymous_2)
FN:29,(anonymous_3)
FNF:4
FNH:1
FNDA:1,(anonymous_0)
FNDA:0,(anonymous_1)
FNDA:0,(anonymous_2)
FNDA:0,(anonymous_3)
DA:17,2
DA:18,1
DA:19,1
DA:20,1
DA:22,1
DA:23,0
DA:24,0
DA:25,0
DA:29,1
DA:30,0
DA:32,1
LF:11
LH:7
BRF:0
BRH:0
end_of_record
TN:
SF:src/components/dashboard-component/styles.ts
FNF:0
FNH:0
DA:5,2
LF:1
LH:1
BRF:0
BRH:0
end_of_record
TN:
SF:src/components/email-component/index.tsx
FN:11,(anonymous_0)
FNF:1
FNH:1
FNDA:1,(anonymous_0)
DA:11,2
DA:12,1
DA:13,1
LF:3
LH:3
BRF:0
BRH:0
end_of_record
TN:
SF:src/components/new-account-component/index.tsx
FN:17,(anonymous_0)
FN:24,(anonymous_1)
FN:31,(anonymous_2)
FN:37,(anonymous_3)
FN:47,(anonymous_4)
FN:57,(anonymous_5)
FN:64,(anonymous_6)
FN:65,(anonymous_7)
FN:75,(anonymous_8)
FN:75,(anonymous_9)
FNF:10
FNH:4
FNDA:2,(anonymous_0)
FNDA:2,(anonymous_1)
FNDA:1,(anonymous_2)
FNDA:1,(anonymous_3)
FNDA:0,(anonymous_4)
FNDA:0,(anonymous_5)
FNDA:0,(anonymous_6)
FNDA:0,(anonymous_7)
FNDA:0,(anonymous_8)
FNDA:0,(anonymous_9)
DA:17,2
DA:18,2
DA:19,2
DA:20,2
DA:21,2
DA:22,2
DA:23,2
DA:24,2
DA:25,2
DA:26,0
DA:28,2
DA:31,2
DA:32,1
DA:33,0
DA:37,2
DA:38,1
DA:41,2
DA:48,0
DA:49,0
DA:57,0
DA:65,0
DA:67,0
DA:68,0
DA:75,0
LF:24
LH:15
BRDA:21,0,0,2
BRDA:21,0,1,0
BRDA:25,1,0,0
BRDA:25,1,1,2
BRDA:32,2,0,0
BRDA:32,2,1,1
BRDA:38,3,0,1
BRDA:38,3,1,1
BRDA:38,4,0,1
BRDA:38,4,1,1
BRDA:51,5,0,2
BRDA:51,5,1,2
BRDA:53,6,0,2
BRDA:53,6,1,2
BRDA:53,6,2,0
BRDA:58,7,0,0
BRDA:58,7,1,0
BRDA:67,8,0,0
BRDA:67,8,1,0
BRDA:74,9,0,0
BRDA:74,9,1,2
BRF:21
BRH:12
end_of_record
TN:
SF:src/components/password-component/index.tsx
FN:14,(anonymous_0)
FNF:1
FNH:1
FNDA:6,(anonymous_0)
DA:14,2
DA:20,6
DA:21,6
LF:3
LH:3
BRF:0
BRH:0
end_of_record
TN:
SF:src/components/select-language/index.tsx
FN:30,(anonymous_0)
FN:47,(anonymous_1)
FN:50,(anonymous_2)
FN:56,(anonymous_3)
FN:58,(anonymous_4)
FN:62,(anonymous_5)
FNF:6
FNH:2
FNDA:1,(anonymous_0)
FNDA:0,(anonymous_1)
FNDA:0,(anonymous_2)
FNDA:0,(anonymous_3)
FNDA:2,(anonymous_4)
FNDA:0,(anonymous_5)
DA:19,1
DA:30,1
DA:31,1
DA:32,1
DA:33,1
DA:34,1
DA:36,1
DA:37,1
DA:39,1
DA:47,0
DA:50,0
DA:56,0
DA:59,2
DA:63,0
DA:64,0
DA:65,0
LF:16
LH:10
BRF:0
BRH:0
end_of_record
TN:
SF:src/components/select-language/styles.ts
FNF:0
FNH:0
DA:3,1
LF:1
LH:1
BRF:0
BRH:0
end_of_record
TN:
SF:src/components/success-component/index.tsx
FN:10,(anonymous_0)
FNF:1
FNH:1
FNDA:1,(anonymous_0)
DA:10,2
DA:11,1
DA:12,1
DA:13,1
DA:15,1
LF:5
LH:5
BRF:0
BRH:0
end_of_record
TN:
SF:src/components/success-component/styles.ts
FNF:0
FNH:0
DA:5,2
LF:1
LH:1
BRF:0
BRH:0
end_of_record
TN:
SF:src/constants/screens.ts
FNF:0
FNH:0
DA:1,6
DA:3,6
DA:4,6
DA:6,6
DA:7,6
DA:9,6
DA:10,6
DA:12,6
DA:13,6
DA:15,6
LF:10
LH:10
BRF:0
BRH:0
end_of_record
TN:
SF:src/containers/index.ts
FNF:0
FNH:0
LF:0
LH:0
BRF:0
BRH:0
end_of_record
TN:
SF:src/containers/styles.ts
FNF:0
FNH:0
DA:3,4
LF:1
LH:1
BRF:0
BRH:0
end_of_record
TN:
SF:src/containers/with-navigation.tsx
FN:17,(anonymous_0)
FN:25,(anonymous_1)
FNF:2
FNH:1
FNDA:9,(anonymous_0)
FNDA:0,(anonymous_1)
DA:17,4
DA:23,9
DA:24,9
DA:25,9
DA:26,0
DA:27,0
DA:28,0
DA:31,9
LF:8
LH:5
BRDA:27,0,0,0
BRDA:27,0,1,0
BRDA:28,1,0,0
BRDA:28,1,1,0
BRF:4
BRH:0
end_of_record
TN:
SF:src/navigation/index.tsx
FN:15,(anonymous_0)
FNF:1
FNH:1
FNDA:1,(anonymous_0)
DA:7,1
DA:15,1
DA:16,1
LF:3
LH:3
BRF:0
BRH:0
end_of_record
TN:
SF:src/navigation/stack-navigation.tsx
FN:16,(anonymous_0)
FN:20,(anonymous_1)
FN:22,(anonymous_2)
FN:23,(anonymous_3)
FN:29,(anonymous_4)
FN:30,(anonymous_5)
FN:39,(anonymous_6)
FNF:7
FNH:6
FNDA:1,(anonymous_0)
FNDA:2,(anonymous_1)
FNDA:1,(anonymous_2)
FNDA:0,(anonymous_3)
FNDA:6,(anonymous_4)
FNDA:6,(anonymous_5)
FNDA:1,(anonymous_6)
DA:14,1
DA:16,1
DA:17,1
DA:18,1
DA:20,2
DA:22,1
DA:23,1
DA:26,1
DA:29,6
DA:31,6
DA:40,1
DA:42,1
DA:43,1
DA:44,1
DA:45,1
DA:46,1
DA:47,0
LF:17
LH:16
BRDA:29,0,0,0
BRDA:29,0,1,6
BRDA:46,1,0,0
BRDA:46,1,1,1
BRF:4
BRH:2
end_of_record
TN:
SF:src/queries/index.ts
FNF:0
FNH:0
DA:3,2
LF:1
LH:1
BRF:0
BRH:0
end_of_record
TN:
SF:src/redux/auth-slice.ts
FN:11,(anonymous_0)
FN:17,(anonymous_1)
FN:19,(anonymous_2)
FNF:3
FNH:0
FNDA:0,(anonymous_0)
FNDA:0,(anonymous_1)
FNDA:0,(anonymous_2)
DA:3,2
DA:7,2
DA:12,0
DA:17,2
DA:19,2
DA:21,2
LF:6
LH:5
BRF:0
BRH:0
end_of_record
TN:
SF:src/redux/store.ts
FNF:0
FNH:0
DA:6,1
LF:1
LH:1
BRF:0
BRH:0
end_of_record
TN:
SF:src/redux/user-slice.ts
FN:15,(anonymous_0)
FN:18,(anonymous_1)
FN:28,(anonymous_2)
FN:30,(anonymous_3)
FNF:4
FNH:0
FNDA:0,(anonymous_0)
FNDA:0,(anonymous_1)
FNDA:0,(anonymous_2)
FNDA:0,(anonymous_3)
DA:3,4
DA:11,4
DA:16,0
DA:19,0
DA:20,0
DA:21,0
DA:22,0
DA:23,0
DA:28,4
DA:30,4
DA:32,4
LF:11
LH:5
BRF:0
BRH:0
end_of_record
TN:
SF:src/routes/dashboard-route.ts
FNF:0
FNH:0
LF:0
LH:0
BRF:0
BRH:0
end_of_record
TN:
SF:src/routes/email-route.ts
FNF:0
FNH:0
LF:0
LH:0
BRF:0
BRH:0
end_of_record
TN:
SF:src/routes/index.ts
FNF:0
FNH:0
LF:0
LH:0
BRF:0
BRH:0
end_of_record
TN:
SF:src/routes/new-account-route.ts
FNF:0
FNH:0
LF:0
LH:0
BRF:0
BRH:0
end_of_record
TN:
SF:src/routes/password-route.ts
FNF:0
FNH:0
LF:0
LH:0
BRF:0
BRH:0
end_of_record
TN:
SF:src/routes/select-language.ts
FNF:0
FNH:0
LF:0
LH:0
BRF:0
BRH:0
end_of_record
TN:
SF:src/routes/verification-success-route.ts
FNF:0
FNH:0
LF:0
LH:0
BRF:0
BRH:0
end_of_record
TN:
SF:src/screens/dashboard/index.tsx
FN:3,(anonymous_0)
FNF:1
FNH:1
FNDA:1,(anonymous_0)
DA:3,2
DA:4,1
LF:2
LH:2
BRF:0
BRH:0
end_of_record
TN:
SF:src/screens/email-screen/index.tsx
FN:11,(anonymous_0)
FN:15,(anonymous_1)
FN:21,(anonymous_2)
FNF:3
FNH:1
FNDA:1,(anonymous_0)
FNDA:0,(anonymous_1)
FNDA:0,(anonymous_2)
DA:11,2
DA:12,1
DA:13,1
DA:16,0
DA:21,1
DA:22,0
DA:25,1
LF:7
LH:5
BRDA:29,0,0,1
BRDA:29,0,1,1
BRF:2
BRH:2
end_of_record
TN:
SF:src/screens/new-account-screen/index.tsx
FN:9,(anonymous_0)
FN:19,(anonymous_1)
FNF:2
FNH:1
FNDA:2,(anonymous_0)
FNDA:0,(anonymous_1)
DA:9,2
DA:10,2
DA:12,2
DA:19,2
DA:20,0
DA:23,2
LF:6
LH:5
BRDA:27,0,0,2
BRDA:27,0,1,0
BRF:2
BRH:1
end_of_record
TN:
SF:src/screens/password-screen/index.tsx
FN:18,(anonymous_0)
FN:22,(anonymous_1)
FN:25,(anonymous_2)
FN:26,(anonymous_3)
FN:35,(anonymous_4)
FN:45,(anonymous_5)
FN:55,(anonymous_6)
FN:60,(anonymous_7)
FN:62,(anonymous_8)
FN:87,(anonymous_9)
FN:88,(anonymous_10)
FNF:11
FNH:3
FNDA:6,(anonymous_0)
FNDA:0,(anonymous_1)
FNDA:0,(anonymous_2)
FNDA:0,(anonymous_3)
FNDA:0,(anonymous_4)
FNDA:0,(anonymous_5)
FNDA:1,(anonymous_6)
FNDA:1,(anonymous_7)
FNDA:0,(anonymous_8)
FNDA:0,(anonymous_9)
FNDA:0,(anonymous_10)
DA:18,2
DA:19,6
DA:20,6
DA:22,6
DA:24,6
DA:26,0
DA:27,0
DA:28,0
DA:33,6
DA:34,0
DA:36,0
DA:37,0
DA:42,6
DA:46,0
DA:55,6
DA:56,1
DA:57,1
DA:60,6
DA:61,1
DA:62,0
DA:63,0
DA:64,0
DA:65,0
DA:76,6
DA:87,0
DA:88,0
LF:26
LH:13
BRDA:33,0,0,0
BRDA:33,0,1,6
BRDA:61,1,0,0
BRDA:61,1,1,1
BRDA:80,2,0,6
BRDA:80,2,1,6
BRDA:80,2,2,0
BRDA:80,2,3,0
BRDA:89,3,0,6
BRDA:89,3,1,5
BRDA:90,4,0,6
BRDA:90,4,1,5
BRF:12
BRH:8
end_of_record
TN:
SF:src/screens/select-language/index.tsx
FN:6,(anonymous_0)
FNF:1
FNH:1
FNDA:1,(anonymous_0)
DA:6,1
DA:7,1
DA:14,1
LF:3
LH:3
BRF:0
BRH:0
end_of_record
TN:
SF:src/screens/verification-success-screen/index.tsx
FN:8,(anonymous_0)
FN:11,(anonymous_1)
FN:12,(anonymous_2)
FNF:3
FNH:2
FNDA:1,(anonymous_0)
FNDA:1,(anonymous_1)
FNDA:0,(anonymous_2)
DA:8,2
DA:9,1
DA:11,1
DA:12,1
DA:13,0
DA:17,1
LF:6
LH:5
BRF:0
BRH:0
end_of_record
TN:
SF:src/services/locale/index.ts
FNF:0
FNH:0
LF:0
LH:0
BRF:0
BRH:0
end_of_record
TN:
SF:src/styles/background.ts
FN:10,(anonymous_0)
FN:14,(anonymous_1)
FNF:2
FNH:2
FNDA:40,(anonymous_0)
FNDA:40,(anonymous_1)
DA:10,40
DA:14,4
DA:15,40
DA:18,4
LF:4
LH:4
BRF:0
BRH:0
end_of_record
TN:
SF:src/styles/index.ts
FNF:0
FNH:0
DA:6,4
LF:1
LH:1
BRF:0
BRH:0
end_of_record
TN:
SF:src/styles/text.ts
FN:20,(anonymous_0)
FN:24,(anonymous_1)
FN:30,(anonymous_2)
FNF:3
FNH:3
FNDA:40,(anonymous_0)
FNDA:20,(anonymous_1)
FNDA:60,(anonymous_2)
DA:20,40
DA:24,20
DA:28,4
DA:30,4
DA:31,60
LF:5
LH:5
BRF:0
BRH:0
end_of_record
TN:
SF:src/utils/capitalize.ts
FN:1,(anonymous_0)
FNF:1
FNH:1
FNDA:80,(anonymous_0)
DA:2,80
DA:3,80
DA:5,0
LF:3
LH:2
BRDA:2,0,0,80
BRDA:2,0,1,0
BRDA:2,1,0,80
BRDA:2,1,1,80
BRF:4
BRH:3
end_of_record
TN:
SF:src/utils/colors.ts
FNF:0
FNH:0
DA:3,6
LF:1
LH:1
BRF:0
BRH:0
end_of_record
TN:
SF:src/utils/dimensions.ts
FNF:0
FNH:0
DA:8,4
DA:20,4
LF:2
LH:2
BRF:0
BRH:0
end_of_record
TN:
SF:src/utils/encryption.ts
FN:3,(anonymous_0)
FN:4,(anonymous_1)
FNF:2
FNH:0
FNDA:0,(anonymous_0)
FNDA:0,(anonymous_1)
DA:3,2
DA:4,0
LF:2
LH:1
BRF:0
BRH:0
end_of_record
TN:
SF:src/utils/validation.ts
FN:25,(anonymous_0)
FN:27,(anonymous_1)
FN:36,(anonymous_2)
FNF:3
FNH:2
FNDA:2,(anonymous_0)
FNDA:0,(anonymous_1)
FNDA:2,(anonymous_2)
DA:9,3
DA:15,3
DA:17,3
DA:26,2
DA:27,0
DA:37,2
LF:6
LH:5
BRF:0
BRH:0
end_of_record
